Terminals which are not used

   EOF_T
   OTHER_T


Grammar

    0 $accept: program $end

    1 program: declarationList

    2 declarationList: declarationList declaration
    3                | declaration
    4                | declarationList error
    5                | error declaration

    6 declaration: varDeclaration
    7            | funcDeclaration

    8 varDeclaration: INT_T varDeclList ';'

    9 varDeclList: varDeclList ',' varDecl
   10            | varDecl
   11            | varDeclList ',' error
   12            | error '.' varDecl

   13 varDecl: ID_T

   14 @1: /* empty */

   15 varDecl: ID_T @1 '=' expression
   16        | ID_T '[' INTCONST_T ']'

   17 @2: /* empty */

   18 funcDeclaration: INT_T ID_T @2 '(' formalParams ')' compoundStatement

   19 @3: /* empty */

   20 funcDeclaration: VOID_T ID_T @3 '(' formalParams ')' compoundStatement

   21 formalParams: formalList
   22             | VOID_T
   23             | /* empty */

   24 formalList: formalList ',' formalParam
   25           | formalParam
   26           | formalList ',' error

   27 formalParam: INT_T ID_T
   28            | INT_T ID_T '[' ']'
   29            | INT_T error

   30 compoundStatement: '{' localDeclarations statementList '}'

   31 localDeclarations: localDeclarations varDeclaration
   32                  | /* empty */

   33 statementList: statementList statement
   34              | /* empty */

   35 statement: expressionStatement
   36          | compoundStatement
   37          | ifStatement
   38          | whileStatement
   39          | doWhileStatement
   40          | forStatement
   41          | returnStatement
   42          | readStatement
   43          | printStatement

   44 expressionStatement: expression ';'
   45                    | ';'

   46 ifStatement: IF_T '(' expression ')' statement
   47            | IF_T '(' expression ')' statement ELSE_T statement
   48            | IF_T '(' error ')' statement
   49            | IF_T '(' error ')' statement ELSE_T statement

   50 whileStatement: WHILE_T '(' expression ')' statement
   51               | WHILE_T '(' error ')' error

   52 doWhileStatement: DO_T statement WHILE_T '(' expression ')' ';'
   53                 | DO_T error WHILE_T '(' error ')' ';'

   54 forStatement: FOR_T '(' forHeaderExpression ';' forHeaderExpression ';' forHeaderExpression ')' statement
   55             | FOR_T '(' error ';' error ';' error ')' error
   56             | FOR_T '(' error ')' error

   57 forHeaderExpression: expression
   58                    | /* empty */

   59 returnStatement: RETURN_T ';'
   60                | RETURN_T expression ';'
   61                | RETURN_T error ';'

   62 readStatement: READ_T var ';'
   63              | READ_T error ';'

   64 printStatement: PRINT_T expression ';'
   65               | PRINT_T STRINGCONST_T ';'
   66               | PRINT_T error ';'

   67 expression: var '=' expression
   68           | rValue
   69           | var '=' error

   70 var: ID_T

   71 @4: /* empty */

   72 var: ID_T @4 '[' expression ']'

   73 rValue: expression '+' expression
   74       | expression '-' expression
   75       | expression '*' expression
   76       | expression '/' expression
   77       | expression '%' expression
   78       | expression '<' expression
   79       | expression LESS_EQUAL_T expression
   80       | expression '>' expression
   81       | expression GREATER_EQUAL_T expression
   82       | expression ISEQUAL_T expression
   83       | expression NOTEQUAL_T expression
   84       | expression AND_T expression
   85       | expression OR_T expression
   86       | '!' expression
   87       | '-' expression
   88       | var
   89       | INCREMENT_T var
   90       | DECREMENT_T var
   91       | '(' expression ')'
   92       | call
   93       | INTCONST_T

   94 @5: /* empty */

   95 call: ID_T @5 '(' args ')'

   96 args: argList
   97     | /* empty */

   98 argList: argList ',' expression
   99        | expression
  100        | error ',' error


Terminals, with rules where they appear

$end (0) 0
'!' (33) 86
'%' (37) 77
'(' (40) 18 20 46 47 48 49 50 51 52 53 54 55 56 91 95
')' (41) 18 20 46 47 48 49 50 51 52 53 54 55 56 91 95
'*' (42) 75
'+' (43) 73
',' (44) 9 11 24 26 98 100
'-' (45) 74 87
'.' (46) 12
'/' (47) 76
';' (59) 8 44 45 52 53 54 55 59 60 61 62 63 64 65 66
'<' (60) 78
'=' (61) 15 67 69
'>' (62) 80
'[' (91) 16 28 72
']' (93) 16 28 72
'{' (123) 30
'}' (125) 30
error (256) 4 5 11 12 26 29 48 49 51 53 55 56 61 63 66 69 100
ISEQUAL_T (258) 82
NOTEQUAL_T (259) 83
LESS_EQUAL_T (260) 79
GREATER_EQUAL_T (261) 81
INCREMENT_T (262) 89
DECREMENT_T (263) 90
AND_T (264) 84
OR_T (265) 85
INT_T (266) 8 18 27 28 29
WHILE_T (267) 50 51 52 53
FOR_T (268) 54 55 56
IF_T (269) 46 47 48 49
ELSE_T (270) 47 49
RETURN_T (271) 59 60 61
VOID_T (272) 20 22
READ_T (273) 62 63
PRINT_T (274) 64 65 66
ID_T (275) 13 15 16 18 20 27 28 70 72 95
UMINUS_T (276)
DO_T (277) 52 53
STRINGCONST_T (278) 65
INTCONST_T (279) 16 93
EOF_T (280)
OTHER_T (281)
LOWER_THAN_ELSE (282)


Nonterminals, with rules where they appear

$accept (46)
    on left: 0
program (47)
    on left: 1, on right: 0
declarationList (48)
    on left: 2 3 4 5, on right: 1 2 4
declaration (49)
    on left: 6 7, on right: 2 3 5
varDeclaration (50)
    on left: 8, on right: 6 31
varDeclList (51)
    on left: 9 10 11 12, on right: 8 9 11
varDecl (52)
    on left: 13 15 16, on right: 9 10 12
@1 (53)
    on left: 14, on right: 15
funcDeclaration (54)
    on left: 18 20, on right: 7
@2 (55)
    on left: 17, on right: 18
@3 (56)
    on left: 19, on right: 20
formalParams (57)
    on left: 21 22 23, on right: 18 20
formalList (58)
    on left: 24 25 26, on right: 21 24 26
formalParam (59)
    on left: 27 28 29, on right: 24 25
compoundStatement (60)
    on left: 30, on right: 18 20 36
localDeclarations (61)
    on left: 31 32, on right: 30 31
statementList (62)
    on left: 33 34, on right: 30 33
statement (63)
    on left: 35 36 37 38 39 40 41 42 43, on right: 33 46 47 48 49 50
    52 54
expressionStatement (64)
    on left: 44 45, on right: 35
ifStatement (65)
    on left: 46 47 48 49, on right: 37
whileStatement (66)
    on left: 50 51, on right: 38
doWhileStatement (67)
    on left: 52 53, on right: 39
forStatement (68)
    on left: 54 55 56, on right: 40
forHeaderExpression (69)
    on left: 57 58, on right: 54
returnStatement (70)
    on left: 59 60 61, on right: 41
readStatement (71)
    on left: 62 63, on right: 42
printStatement (72)
    on left: 64 65 66, on right: 43
expression (73)
    on left: 67 68 69, on right: 15 44 46 47 50 52 57 60 64 67 72 73
    74 75 76 77 78 79 80 81 82 83 84 85 86 87 91 98 99
var (74)
    on left: 70 72, on right: 62 67 69 88 89 90
@4 (75)
    on left: 71, on right: 72
rValue (76)
    on left: 73 74 75 76 77 78 79 80 81 82 83 84 85 86 87 88 89 90
    91 92 93, on right: 68
call (77)
    on left: 95, on right: 92
@5 (78)
    on left: 94, on right: 95
args (79)
    on left: 96 97, on right: 95
argList (80)
    on left: 98 99 100, on right: 96 98


state 0

    0 $accept: . program $end

    error   shift, and go to state 1
    INT_T   shift, and go to state 2
    VOID_T  shift, and go to state 3

    program          go to state 4
    declarationList  go to state 5
    declaration      go to state 6
    varDeclaration   go to state 7
    funcDeclaration  go to state 8


state 1

    5 declarationList: error . declaration

    INT_T   shift, and go to state 2
    VOID_T  shift, and go to state 3

    declaration      go to state 9
    varDeclaration   go to state 7
    funcDeclaration  go to state 8


state 2

    8 varDeclaration: INT_T . varDeclList ';'
   18 funcDeclaration: INT_T . ID_T @2 '(' formalParams ')' compoundStatement

    error  shift, and go to state 10
    ID_T   shift, and go to state 11

    varDeclList  go to state 12
    varDecl      go to state 13


state 3

   20 funcDeclaration: VOID_T . ID_T @3 '(' formalParams ')' compoundStatement

    ID_T  shift, and go to state 14


state 4

    0 $accept: program . $end

    $end  shift, and go to state 15


state 5

    1 program: declarationList .
    2 declarationList: declarationList . declaration
    4                | declarationList . error

    error   shift, and go to state 16
    INT_T   shift, and go to state 2
    VOID_T  shift, and go to state 3

    $end  reduce using rule 1 (program)

    declaration      go to state 17
    varDeclaration   go to state 7
    funcDeclaration  go to state 8


state 6

    3 declarationList: declaration .

    $default  reduce using rule 3 (declarationList)


state 7

    6 declaration: varDeclaration .

    $default  reduce using rule 6 (declaration)


state 8

    7 declaration: funcDeclaration .

    $default  reduce using rule 7 (declaration)


state 9

    5 declarationList: error declaration .

    $default  reduce using rule 5 (declarationList)


state 10

   12 varDeclList: error . '.' varDecl

    '.'  shift, and go to state 18


state 11

   13 varDecl: ID_T .
   15        | ID_T . @1 '=' expression
   16        | ID_T . '[' INTCONST_T ']'
   18 funcDeclaration: INT_T ID_T . @2 '(' formalParams ')' compoundStatement

    '['  shift, and go to state 19

    '='       reduce using rule 14 (@1)
    '('       reduce using rule 17 (@2)
    $default  reduce using rule 13 (varDecl)

    @1  go to state 20
    @2  go to state 21


state 12

    8 varDeclaration: INT_T varDeclList . ';'
    9 varDeclList: varDeclList . ',' varDecl
   11            | varDeclList . ',' error

    ';'  shift, and go to state 22
    ','  shift, and go to state 23


state 13

   10 varDeclList: varDecl .

    $default  reduce using rule 10 (varDeclList)


state 14

   20 funcDeclaration: VOID_T ID_T . @3 '(' formalParams ')' compoundStatement

    $default  reduce using rule 19 (@3)

    @3  go to state 24


state 15

    0 $accept: program $end .

    $default  accept


state 16

    4 declarationList: declarationList error .

    $default  reduce using rule 4 (declarationList)


state 17

    2 declarationList: declarationList declaration .

    $default  reduce using rule 2 (declarationList)


state 18

   12 varDeclList: error '.' . varDecl

    ID_T  shift, and go to state 25

    varDecl  go to state 26


state 19

   16 varDecl: ID_T '[' . INTCONST_T ']'

    INTCONST_T  shift, and go to state 27


state 20

   15 varDecl: ID_T @1 . '=' expression

    '='  shift, and go to state 28


state 21

   18 funcDeclaration: INT_T ID_T @2 . '(' formalParams ')' compoundStatement

    '('  shift, and go to state 29


state 22

    8 varDeclaration: INT_T varDeclList ';' .

    $default  reduce using rule 8 (varDeclaration)


state 23

    9 varDeclList: varDeclList ',' . varDecl
   11            | varDeclList ',' . error

    error  shift, and go to state 30
    ID_T   shift, and go to state 25

    varDecl  go to state 31


state 24

   20 funcDeclaration: VOID_T ID_T @3 . '(' formalParams ')' compoundStatement

    '('  shift, and go to state 32


state 25

   13 varDecl: ID_T .
   15        | ID_T . @1 '=' expression
   16        | ID_T . '[' INTCONST_T ']'

    '['  shift, and go to state 19

    '='       reduce using rule 14 (@1)
    $default  reduce using rule 13 (varDecl)

    @1  go to state 20


state 26

   12 varDeclList: error '.' varDecl .

    $default  reduce using rule 12 (varDeclList)


state 27

   16 varDecl: ID_T '[' INTCONST_T . ']'

    ']'  shift, and go to state 33


state 28

   15 varDecl: ID_T @1 '=' . expression

    INCREMENT_T  shift, and go to state 34
    DECREMENT_T  shift, and go to state 35
    ID_T         shift, and go to state 36
    INTCONST_T   shift, and go to state 37
    '-'          shift, and go to state 38
    '!'          shift, and go to state 39
    '('          shift, and go to state 40

    expression  go to state 41
    var         go to state 42
    rValue      go to state 43
    call        go to state 44


state 29

   18 funcDeclaration: INT_T ID_T @2 '(' . formalParams ')' compoundStatement

    INT_T   shift, and go to state 45
    VOID_T  shift, and go to state 46

    $default  reduce using rule 23 (formalParams)

    formalParams  go to state 47
    formalList    go to state 48
    formalParam   go to state 49


state 30

   11 varDeclList: varDeclList ',' error .

    $default  reduce using rule 11 (varDeclList)


state 31

    9 varDeclList: varDeclList ',' varDecl .

    $default  reduce using rule 9 (varDeclList)


state 32

   20 funcDeclaration: VOID_T ID_T @3 '(' . formalParams ')' compoundStatement

    INT_T   shift, and go to state 45
    VOID_T  shift, and go to state 46

    $default  reduce using rule 23 (formalParams)

    formalParams  go to state 50
    formalList    go to state 48
    formalParam   go to state 49


state 33

   16 varDecl: ID_T '[' INTCONST_T ']' .

    $default  reduce using rule 16 (varDecl)


state 34

   89 rValue: INCREMENT_T . var

    ID_T  shift, and go to state 51

    var  go to state 52


state 35

   90 rValue: DECREMENT_T . var

    ID_T  shift, and go to state 51

    var  go to state 53


state 36

   70 var: ID_T .
   72    | ID_T . @4 '[' expression ']'
   95 call: ID_T . @5 '(' args ')'

    '['       reduce using rule 71 (@4)
    '('       reduce using rule 94 (@5)
    $default  reduce using rule 70 (var)

    @4  go to state 54
    @5  go to state 55


state 37

   93 rValue: INTCONST_T .

    $default  reduce using rule 93 (rValue)


state 38

   87 rValue: '-' . expression

    INCREMENT_T  shift, and go to state 34
    DECREMENT_T  shift, and go to state 35
    ID_T         shift, and go to state 36
    INTCONST_T   shift, and go to state 37
    '-'          shift, and go to state 38
    '!'          shift, and go to state 39
    '('          shift, and go to state 40

    expression  go to state 56
    var         go to state 42
    rValue      go to state 43
    call        go to state 44


state 39

   86 rValue: '!' . expression

    INCREMENT_T  shift, and go to state 34
    DECREMENT_T  shift, and go to state 35
    ID_T         shift, and go to state 36
    INTCONST_T   shift, and go to state 37
    '-'          shift, and go to state 38
    '!'          shift, and go to state 39
    '('          shift, and go to state 40

    expression  go to state 57
    var         go to state 42
    rValue      go to state 43
    call        go to state 44


state 40

   91 rValue: '(' . expression ')'

    INCREMENT_T  shift, and go to state 34
    DECREMENT_T  shift, and go to state 35
    ID_T         shift, and go to state 36
    INTCONST_T   shift, and go to state 37
    '-'          shift, and go to state 38
    '!'          shift, and go to state 39
    '('          shift, and go to state 40

    expression  go to state 58
    var         go to state 42
    rValue      go to state 43
    call        go to state 44


state 41

   15 varDecl: ID_T @1 '=' expression .
   73 rValue: expression . '+' expression
   74       | expression . '-' expression
   75       | expression . '*' expression
   76       | expression . '/' expression
   77       | expression . '%' expression
   78       | expression . '<' expression
   79       | expression . LESS_EQUAL_T expression
   80       | expression . '>' expression
   81       | expression . GREATER_EQUAL_T expression
   82       | expression . ISEQUAL_T expression
   83       | expression . NOTEQUAL_T expression
   84       | expression . AND_T expression
   85       | expression . OR_T expression

    ISEQUAL_T        shift, and go to state 59
    NOTEQUAL_T       shift, and go to state 60
    LESS_EQUAL_T     shift, and go to state 61
    GREATER_EQUAL_T  shift, and go to state 62
    AND_T            shift, and go to state 63
    OR_T             shift, and go to state 64
    '<'              shift, and go to state 65
    '>'              shift, and go to state 66
    '+'              shift, and go to state 67
    '-'              shift, and go to state 68
    '*'              shift, and go to state 69
    '/'              shift, and go to state 70
    '%'              shift, and go to state 71

    $default  reduce using rule 15 (varDecl)


state 42

   67 expression: var . '=' expression
   69           | var . '=' error
   88 rValue: var .

    '='  shift, and go to state 72

    $default  reduce using rule 88 (rValue)


state 43

   68 expression: rValue .

    $default  reduce using rule 68 (expression)


state 44

   92 rValue: call .

    $default  reduce using rule 92 (rValue)


state 45

   27 formalParam: INT_T . ID_T
   28            | INT_T . ID_T '[' ']'
   29            | INT_T . error

    error  shift, and go to state 73
    ID_T   shift, and go to state 74


state 46

   22 formalParams: VOID_T .

    $default  reduce using rule 22 (formalParams)


state 47

   18 funcDeclaration: INT_T ID_T @2 '(' formalParams . ')' compoundStatement

    ')'  shift, and go to state 75


state 48

   21 formalParams: formalList .
   24 formalList: formalList . ',' formalParam
   26           | formalList . ',' error

    ','  shift, and go to state 76

    $default  reduce using rule 21 (formalParams)


state 49

   25 formalList: formalParam .

    $default  reduce using rule 25 (formalList)


state 50

   20 funcDeclaration: VOID_T ID_T @3 '(' formalParams . ')' compoundStatement

    ')'  shift, and go to state 77


state 51

   70 var: ID_T .
   72    | ID_T . @4 '[' expression ']'

    '['       reduce using rule 71 (@4)
    $default  reduce using rule 70 (var)

    @4  go to state 54


state 52

   89 rValue: INCREMENT_T var .

    $default  reduce using rule 89 (rValue)


state 53

   90 rValue: DECREMENT_T var .

    $default  reduce using rule 90 (rValue)


state 54

   72 var: ID_T @4 . '[' expression ']'

    '['  shift, and go to state 78


state 55

   95 call: ID_T @5 . '(' args ')'

    '('  shift, and go to state 79


state 56

   73 rValue: expression . '+' expression
   74       | expression . '-' expression
   75       | expression . '*' expression
   76       | expression . '/' expression
   77       | expression . '%' expression
   78       | expression . '<' expression
   79       | expression . LESS_EQUAL_T expression
   80       | expression . '>' expression
   81       | expression . GREATER_EQUAL_T expression
   82       | expression . ISEQUAL_T expression
   83       | expression . NOTEQUAL_T expression
   84       | expression . AND_T expression
   85       | expression . OR_T expression
   87       | '-' expression .

    $default  reduce using rule 87 (rValue)


state 57

   73 rValue: expression . '+' expression
   74       | expression . '-' expression
   75       | expression . '*' expression
   76       | expression . '/' expression
   77       | expression . '%' expression
   78       | expression . '<' expression
   79       | expression . LESS_EQUAL_T expression
   80       | expression . '>' expression
   81       | expression . GREATER_EQUAL_T expression
   82       | expression . ISEQUAL_T expression
   83       | expression . NOTEQUAL_T expression
   84       | expression . AND_T expression
   85       | expression . OR_T expression
   86       | '!' expression .

    $default  reduce using rule 86 (rValue)


state 58

   73 rValue: expression . '+' expression
   74       | expression . '-' expression
   75       | expression . '*' expression
   76       | expression . '/' expression
   77       | expression . '%' expression
   78       | expression . '<' expression
   79       | expression . LESS_EQUAL_T expression
   80       | expression . '>' expression
   81       | expression . GREATER_EQUAL_T expression
   82       | expression . ISEQUAL_T expression
   83       | expression . NOTEQUAL_T expression
   84       | expression . AND_T expression
   85       | expression . OR_T expression
   91       | '(' expression . ')'

    ISEQUAL_T        shift, and go to state 59
    NOTEQUAL_T       shift, and go to state 60
    LESS_EQUAL_T     shift, and go to state 61
    GREATER_EQUAL_T  shift, and go to state 62
    AND_T            shift, and go to state 63
    OR_T             shift, and go to state 64
    '<'              shift, and go to state 65
    '>'              shift, and go to state 66
    '+'              shift, and go to state 67
    '-'              shift, and go to state 68
    '*'              shift, and go to state 69
    '/'              shift, and go to state 70
    '%'              shift, and go to state 71
    ')'              shift, and go to state 80


state 59

   82 rValue: expression ISEQUAL_T . expression

    INCREMENT_T  shift, and go to state 34
    DECREMENT_T  shift, and go to state 35
    ID_T         shift, and go to state 36
    INTCONST_T   shift, and go to state 37
    '-'          shift, and go to state 38
    '!'          shift, and go to state 39
    '('          shift, and go to state 40

    expression  go to state 81
    var         go to state 42
    rValue      go to state 43
    call        go to state 44


state 60

   83 rValue: expression NOTEQUAL_T . expression

    INCREMENT_T  shift, and go to state 34
    DECREMENT_T  shift, and go to state 35
    ID_T         shift, and go to state 36
    INTCONST_T   shift, and go to state 37
    '-'          shift, and go to state 38
    '!'          shift, and go to state 39
    '('          shift, and go to state 40

    expression  go to state 82
    var         go to state 42
    rValue      go to state 43
    call        go to state 44


state 61

   79 rValue: expression LESS_EQUAL_T . expression

    INCREMENT_T  shift, and go to state 34
    DECREMENT_T  shift, and go to state 35
    ID_T         shift, and go to state 36
    INTCONST_T   shift, and go to state 37
    '-'          shift, and go to state 38
    '!'          shift, and go to state 39
    '('          shift, and go to state 40

    expression  go to state 83
    var         go to state 42
    rValue      go to state 43
    call        go to state 44


state 62

   81 rValue: expression GREATER_EQUAL_T . expression

    INCREMENT_T  shift, and go to state 34
    DECREMENT_T  shift, and go to state 35
    ID_T         shift, and go to state 36
    INTCONST_T   shift, and go to state 37
    '-'          shift, and go to state 38
    '!'          shift, and go to state 39
    '('          shift, and go to state 40

    expression  go to state 84
    var         go to state 42
    rValue      go to state 43
    call        go to state 44


state 63

   84 rValue: expression AND_T . expression

    INCREMENT_T  shift, and go to state 34
    DECREMENT_T  shift, and go to state 35
    ID_T         shift, and go to state 36
    INTCONST_T   shift, and go to state 37
    '-'          shift, and go to state 38
    '!'          shift, and go to state 39
    '('          shift, and go to state 40

    expression  go to state 85
    var         go to state 42
    rValue      go to state 43
    call        go to state 44


state 64

   85 rValue: expression OR_T . expression

    INCREMENT_T  shift, and go to state 34
    DECREMENT_T  shift, and go to state 35
    ID_T         shift, and go to state 36
    INTCONST_T   shift, and go to state 37
    '-'          shift, and go to state 38
    '!'          shift, and go to state 39
    '('          shift, and go to state 40

    expression  go to state 86
    var         go to state 42
    rValue      go to state 43
    call        go to state 44


state 65

   78 rValue: expression '<' . expression

    INCREMENT_T  shift, and go to state 34
    DECREMENT_T  shift, and go to state 35
    ID_T         shift, and go to state 36
    INTCONST_T   shift, and go to state 37
    '-'          shift, and go to state 38
    '!'          shift, and go to state 39
    '('          shift, and go to state 40

    expression  go to state 87
    var         go to state 42
    rValue      go to state 43
    call        go to state 44


state 66

   80 rValue: expression '>' . expression

    INCREMENT_T  shift, and go to state 34
    DECREMENT_T  shift, and go to state 35
    ID_T         shift, and go to state 36
    INTCONST_T   shift, and go to state 37
    '-'          shift, and go to state 38
    '!'          shift, and go to state 39
    '('          shift, and go to state 40

    expression  go to state 88
    var         go to state 42
    rValue      go to state 43
    call        go to state 44


state 67

   73 rValue: expression '+' . expression

    INCREMENT_T  shift, and go to state 34
    DECREMENT_T  shift, and go to state 35
    ID_T         shift, and go to state 36
    INTCONST_T   shift, and go to state 37
    '-'          shift, and go to state 38
    '!'          shift, and go to state 39
    '('          shift, and go to state 40

    expression  go to state 89
    var         go to state 42
    rValue      go to state 43
    call        go to state 44


state 68

   74 rValue: expression '-' . expression

    INCREMENT_T  shift, and go to state 34
    DECREMENT_T  shift, and go to state 35
    ID_T         shift, and go to state 36
    INTCONST_T   shift, and go to state 37
    '-'          shift, and go to state 38
    '!'          shift, and go to state 39
    '('          shift, and go to state 40

    expression  go to state 90
    var         go to state 42
    rValue      go to state 43
    call        go to state 44


state 69

   75 rValue: expression '*' . expression

    INCREMENT_T  shift, and go to state 34
    DECREMENT_T  shift, and go to state 35
    ID_T         shift, and go to state 36
    INTCONST_T   shift, and go to state 37
    '-'          shift, and go to state 38
    '!'          shift, and go to state 39
    '('          shift, and go to state 40

    expression  go to state 91
    var         go to state 42
    rValue      go to state 43
    call        go to state 44


state 70

   76 rValue: expression '/' . expression

    INCREMENT_T  shift, and go to state 34
    DECREMENT_T  shift, and go to state 35
    ID_T         shift, and go to state 36
    INTCONST_T   shift, and go to state 37
    '-'          shift, and go to state 38
    '!'          shift, and go to state 39
    '('          shift, and go to state 40

    expression  go to state 92
    var         go to state 42
    rValue      go to state 43
    call        go to state 44


state 71

   77 rValue: expression '%' . expression

    INCREMENT_T  shift, and go to state 34
    DECREMENT_T  shift, and go to state 35
    ID_T         shift, and go to state 36
    INTCONST_T   shift, and go to state 37
    '-'          shift, and go to state 38
    '!'          shift, and go to state 39
    '('          shift, and go to state 40

    expression  go to state 93
    var         go to state 42
    rValue      go to state 43
    call        go to state 44


state 72

   67 expression: var '=' . expression
   69           | var '=' . error

    error        shift, and go to state 94
    INCREMENT_T  shift, and go to state 34
    DECREMENT_T  shift, and go to state 35
    ID_T         shift, and go to state 36
    INTCONST_T   shift, and go to state 37
    '-'          shift, and go to state 38
    '!'          shift, and go to state 39
    '('          shift, and go to state 40

    expression  go to state 95
    var         go to state 42
    rValue      go to state 43
    call        go to state 44


state 73

   29 formalParam: INT_T error .

    $default  reduce using rule 29 (formalParam)


state 74

   27 formalParam: INT_T ID_T .
   28            | INT_T ID_T . '[' ']'

    '['  shift, and go to state 96

    $default  reduce using rule 27 (formalParam)


state 75

   18 funcDeclaration: INT_T ID_T @2 '(' formalParams ')' . compoundStatement

    '{'  shift, and go to state 97

    compoundStatement  go to state 98


state 76

   24 formalList: formalList ',' . formalParam
   26           | formalList ',' . error

    error  shift, and go to state 99
    INT_T  shift, and go to state 45

    formalParam  go to state 100


state 77

   20 funcDeclaration: VOID_T ID_T @3 '(' formalParams ')' . compoundStatement

    '{'  shift, and go to state 97

    compoundStatement  go to state 101


state 78

   72 var: ID_T @4 '[' . expression ']'

    INCREMENT_T  shift, and go to state 34
    DECREMENT_T  shift, and go to state 35
    ID_T         shift, and go to state 36
    INTCONST_T   shift, and go to state 37
    '-'          shift, and go to state 38
    '!'          shift, and go to state 39
    '('          shift, and go to state 40

    expression  go to state 102
    var         go to state 42
    rValue      go to state 43
    call        go to state 44


state 79

   95 call: ID_T @5 '(' . args ')'

    error        shift, and go to state 103
    INCREMENT_T  shift, and go to state 34
    DECREMENT_T  shift, and go to state 35
    ID_T         shift, and go to state 36
    INTCONST_T   shift, and go to state 37
    '-'          shift, and go to state 38
    '!'          shift, and go to state 39
    '('          shift, and go to state 40

    ')'  reduce using rule 97 (args)

    expression  go to state 104
    var         go to state 42
    rValue      go to state 43
    call        go to state 44
    args        go to state 105
    argList     go to state 106


state 80

   91 rValue: '(' expression ')' .

    $default  reduce using rule 91 (rValue)


state 81

   73 rValue: expression . '+' expression
   74       | expression . '-' expression
   75       | expression . '*' expression
   76       | expression . '/' expression
   77       | expression . '%' expression
   78       | expression . '<' expression
   79       | expression . LESS_EQUAL_T expression
   80       | expression . '>' expression
   81       | expression . GREATER_EQUAL_T expression
   82       | expression . ISEQUAL_T expression
   82       | expression ISEQUAL_T expression .
   83       | expression . NOTEQUAL_T expression
   84       | expression . AND_T expression
   85       | expression . OR_T expression

    LESS_EQUAL_T     shift, and go to state 61
    GREATER_EQUAL_T  shift, and go to state 62
    '<'              shift, and go to state 65
    '>'              shift, and go to state 66
    '+'              shift, and go to state 67
    '-'              shift, and go to state 68
    '*'              shift, and go to state 69
    '/'              shift, and go to state 70
    '%'              shift, and go to state 71

    $default  reduce using rule 82 (rValue)


state 82

   73 rValue: expression . '+' expression
   74       | expression . '-' expression
   75       | expression . '*' expression
   76       | expression . '/' expression
   77       | expression . '%' expression
   78       | expression . '<' expression
   79       | expression . LESS_EQUAL_T expression
   80       | expression . '>' expression
   81       | expression . GREATER_EQUAL_T expression
   82       | expression . ISEQUAL_T expression
   83       | expression . NOTEQUAL_T expression
   83       | expression NOTEQUAL_T expression .
   84       | expression . AND_T expression
   85       | expression . OR_T expression

    LESS_EQUAL_T     shift, and go to state 61
    GREATER_EQUAL_T  shift, and go to state 62
    '<'              shift, and go to state 65
    '>'              shift, and go to state 66
    '+'              shift, and go to state 67
    '-'              shift, and go to state 68
    '*'              shift, and go to state 69
    '/'              shift, and go to state 70
    '%'              shift, and go to state 71

    $default  reduce using rule 83 (rValue)


state 83

   73 rValue: expression . '+' expression
   74       | expression . '-' expression
   75       | expression . '*' expression
   76       | expression . '/' expression
   77       | expression . '%' expression
   78       | expression . '<' expression
   79       | expression . LESS_EQUAL_T expression
   79       | expression LESS_EQUAL_T expression .
   80       | expression . '>' expression
   81       | expression . GREATER_EQUAL_T expression
   82       | expression . ISEQUAL_T expression
   83       | expression . NOTEQUAL_T expression
   84       | expression . AND_T expression
   85       | expression . OR_T expression

    '+'  shift, and go to state 67
    '-'  shift, and go to state 68
    '*'  shift, and go to state 69
    '/'  shift, and go to state 70
    '%'  shift, and go to state 71

    $default  reduce using rule 79 (rValue)


state 84

   73 rValue: expression . '+' expression
   74       | expression . '-' expression
   75       | expression . '*' expression
   76       | expression . '/' expression
   77       | expression . '%' expression
   78       | expression . '<' expression
   79       | expression . LESS_EQUAL_T expression
   80       | expression . '>' expression
   81       | expression . GREATER_EQUAL_T expression
   81       | expression GREATER_EQUAL_T expression .
   82       | expression . ISEQUAL_T expression
   83       | expression . NOTEQUAL_T expression
   84       | expression . AND_T expression
   85       | expression . OR_T expression

    '+'  shift, and go to state 67
    '-'  shift, and go to state 68
    '*'  shift, and go to state 69
    '/'  shift, and go to state 70
    '%'  shift, and go to state 71

    $default  reduce using rule 81 (rValue)


state 85

   73 rValue: expression . '+' expression
   74       | expression . '-' expression
   75       | expression . '*' expression
   76       | expression . '/' expression
   77       | expression . '%' expression
   78       | expression . '<' expression
   79       | expression . LESS_EQUAL_T expression
   80       | expression . '>' expression
   81       | expression . GREATER_EQUAL_T expression
   82       | expression . ISEQUAL_T expression
   83       | expression . NOTEQUAL_T expression
   84       | expression . AND_T expression
   84       | expression AND_T expression .
   85       | expression . OR_T expression

    ISEQUAL_T        shift, and go to state 59
    NOTEQUAL_T       shift, and go to state 60
    LESS_EQUAL_T     shift, and go to state 61
    GREATER_EQUAL_T  shift, and go to state 62
    '<'              shift, and go to state 65
    '>'              shift, and go to state 66
    '+'              shift, and go to state 67
    '-'              shift, and go to state 68
    '*'              shift, and go to state 69
    '/'              shift, and go to state 70
    '%'              shift, and go to state 71

    $default  reduce using rule 84 (rValue)


state 86

   73 rValue: expression . '+' expression
   74       | expression . '-' expression
   75       | expression . '*' expression
   76       | expression . '/' expression
   77       | expression . '%' expression
   78       | expression . '<' expression
   79       | expression . LESS_EQUAL_T expression
   80       | expression . '>' expression
   81       | expression . GREATER_EQUAL_T expression
   82       | expression . ISEQUAL_T expression
   83       | expression . NOTEQUAL_T expression
   84       | expression . AND_T expression
   85       | expression . OR_T expression
   85       | expression OR_T expression .

    ISEQUAL_T        shift, and go to state 59
    NOTEQUAL_T       shift, and go to state 60
    LESS_EQUAL_T     shift, and go to state 61
    GREATER_EQUAL_T  shift, and go to state 62
    AND_T            shift, and go to state 63
    '<'              shift, and go to state 65
    '>'              shift, and go to state 66
    '+'              shift, and go to state 67
    '-'              shift, and go to state 68
    '*'              shift, and go to state 69
    '/'              shift, and go to state 70
    '%'              shift, and go to state 71

    $default  reduce using rule 85 (rValue)


state 87

   73 rValue: expression . '+' expression
   74       | expression . '-' expression
   75       | expression . '*' expression
   76       | expression . '/' expression
   77       | expression . '%' expression
   78       | expression . '<' expression
   78       | expression '<' expression .
   79       | expression . LESS_EQUAL_T expression
   80       | expression . '>' expression
   81       | expression . GREATER_EQUAL_T expression
   82       | expression . ISEQUAL_T expression
   83       | expression . NOTEQUAL_T expression
   84       | expression . AND_T expression
   85       | expression . OR_T expression

    '+'  shift, and go to state 67
    '-'  shift, and go to state 68
    '*'  shift, and go to state 69
    '/'  shift, and go to state 70
    '%'  shift, and go to state 71

    $default  reduce using rule 78 (rValue)


state 88

   73 rValue: expression . '+' expression
   74       | expression . '-' expression
   75       | expression . '*' expression
   76       | expression . '/' expression
   77       | expression . '%' expression
   78       | expression . '<' expression
   79       | expression . LESS_EQUAL_T expression
   80       | expression . '>' expression
   80       | expression '>' expression .
   81       | expression . GREATER_EQUAL_T expression
   82       | expression . ISEQUAL_T expression
   83       | expression . NOTEQUAL_T expression
   84       | expression . AND_T expression
   85       | expression . OR_T expression

    '+'  shift, and go to state 67
    '-'  shift, and go to state 68
    '*'  shift, and go to state 69
    '/'  shift, and go to state 70
    '%'  shift, and go to state 71

    $default  reduce using rule 80 (rValue)


state 89

   73 rValue: expression . '+' expression
   73       | expression '+' expression .
   74       | expression . '-' expression
   75       | expression . '*' expression
   76       | expression . '/' expression
   77       | expression . '%' expression
   78       | expression . '<' expression
   79       | expression . LESS_EQUAL_T expression
   80       | expression . '>' expression
   81       | expression . GREATER_EQUAL_T expression
   82       | expression . ISEQUAL_T expression
   83       | expression . NOTEQUAL_T expression
   84       | expression . AND_T expression
   85       | expression . OR_T expression

    '*'  shift, and go to state 69
    '/'  shift, and go to state 70
    '%'  shift, and go to state 71

    $default  reduce using rule 73 (rValue)


state 90

   73 rValue: expression . '+' expression
   74       | expression . '-' expression
   74       | expression '-' expression .
   75       | expression . '*' expression
   76       | expression . '/' expression
   77       | expression . '%' expression
   78       | expression . '<' expression
   79       | expression . LESS_EQUAL_T expression
   80       | expression . '>' expression
   81       | expression . GREATER_EQUAL_T expression
   82       | expression . ISEQUAL_T expression
   83       | expression . NOTEQUAL_T expression
   84       | expression . AND_T expression
   85       | expression . OR_T expression

    '*'  shift, and go to state 69
    '/'  shift, and go to state 70
    '%'  shift, and go to state 71

    $default  reduce using rule 74 (rValue)


state 91

   73 rValue: expression . '+' expression
   74       | expression . '-' expression
   75       | expression . '*' expression
   75       | expression '*' expression .
   76       | expression . '/' expression
   77       | expression . '%' expression
   78       | expression . '<' expression
   79       | expression . LESS_EQUAL_T expression
   80       | expression . '>' expression
   81       | expression . GREATER_EQUAL_T expression
   82       | expression . ISEQUAL_T expression
   83       | expression . NOTEQUAL_T expression
   84       | expression . AND_T expression
   85       | expression . OR_T expression

    $default  reduce using rule 75 (rValue)


state 92

   73 rValue: expression . '+' expression
   74       | expression . '-' expression
   75       | expression . '*' expression
   76       | expression . '/' expression
   76       | expression '/' expression .
   77       | expression . '%' expression
   78       | expression . '<' expression
   79       | expression . LESS_EQUAL_T expression
   80       | expression . '>' expression
   81       | expression . GREATER_EQUAL_T expression
   82       | expression . ISEQUAL_T expression
   83       | expression . NOTEQUAL_T expression
   84       | expression . AND_T expression
   85       | expression . OR_T expression

    $default  reduce using rule 76 (rValue)


state 93

   73 rValue: expression . '+' expression
   74       | expression . '-' expression
   75       | expression . '*' expression
   76       | expression . '/' expression
   77       | expression . '%' expression
   77       | expression '%' expression .
   78       | expression . '<' expression
   79       | expression . LESS_EQUAL_T expression
   80       | expression . '>' expression
   81       | expression . GREATER_EQUAL_T expression
   82       | expression . ISEQUAL_T expression
   83       | expression . NOTEQUAL_T expression
   84       | expression . AND_T expression
   85       | expression . OR_T expression

    $default  reduce using rule 77 (rValue)


state 94

   69 expression: var '=' error .

    $default  reduce using rule 69 (expression)


state 95

   67 expression: var '=' expression .
   73 rValue: expression . '+' expression
   74       | expression . '-' expression
   75       | expression . '*' expression
   76       | expression . '/' expression
   77       | expression . '%' expression
   78       | expression . '<' expression
   79       | expression . LESS_EQUAL_T expression
   80       | expression . '>' expression
   81       | expression . GREATER_EQUAL_T expression
   82       | expression . ISEQUAL_T expression
   83       | expression . NOTEQUAL_T expression
   84       | expression . AND_T expression
   85       | expression . OR_T expression

    ISEQUAL_T        shift, and go to state 59
    NOTEQUAL_T       shift, and go to state 60
    LESS_EQUAL_T     shift, and go to state 61
    GREATER_EQUAL_T  shift, and go to state 62
    AND_T            shift, and go to state 63
    OR_T             shift, and go to state 64
    '<'              shift, and go to state 65
    '>'              shift, and go to state 66
    '+'              shift, and go to state 67
    '-'              shift, and go to state 68
    '*'              shift, and go to state 69
    '/'              shift, and go to state 70
    '%'              shift, and go to state 71

    $default  reduce using rule 67 (expression)


state 96

   28 formalParam: INT_T ID_T '[' . ']'

    ']'  shift, and go to state 107


state 97

   30 compoundStatement: '{' . localDeclarations statementList '}'

    $default  reduce using rule 32 (localDeclarations)

    localDeclarations  go to state 108


state 98

   18 funcDeclaration: INT_T ID_T @2 '(' formalParams ')' compoundStatement .

    $default  reduce using rule 18 (funcDeclaration)


state 99

   26 formalList: formalList ',' error .

    $default  reduce using rule 26 (formalList)


state 100

   24 formalList: formalList ',' formalParam .

    $default  reduce using rule 24 (formalList)


state 101

   20 funcDeclaration: VOID_T ID_T @3 '(' formalParams ')' compoundStatement .

    $default  reduce using rule 20 (funcDeclaration)


state 102

   72 var: ID_T @4 '[' expression . ']'
   73 rValue: expression . '+' expression
   74       | expression . '-' expression
   75       | expression . '*' expression
   76       | expression . '/' expression
   77       | expression . '%' expression
   78       | expression . '<' expression
   79       | expression . LESS_EQUAL_T expression
   80       | expression . '>' expression
   81       | expression . GREATER_EQUAL_T expression
   82       | expression . ISEQUAL_T expression
   83       | expression . NOTEQUAL_T expression
   84       | expression . AND_T expression
   85       | expression . OR_T expression

    ISEQUAL_T        shift, and go to state 59
    NOTEQUAL_T       shift, and go to state 60
    LESS_EQUAL_T     shift, and go to state 61
    GREATER_EQUAL_T  shift, and go to state 62
    AND_T            shift, and go to state 63
    OR_T             shift, and go to state 64
    '<'              shift, and go to state 65
    '>'              shift, and go to state 66
    '+'              shift, and go to state 67
    '-'              shift, and go to state 68
    '*'              shift, and go to state 69
    '/'              shift, and go to state 70
    '%'              shift, and go to state 71
    ']'              shift, and go to state 109


state 103

  100 argList: error . ',' error

    ','  shift, and go to state 110


state 104

   73 rValue: expression . '+' expression
   74       | expression . '-' expression
   75       | expression . '*' expression
   76       | expression . '/' expression
   77       | expression . '%' expression
   78       | expression . '<' expression
   79       | expression . LESS_EQUAL_T expression
   80       | expression . '>' expression
   81       | expression . GREATER_EQUAL_T expression
   82       | expression . ISEQUAL_T expression
   83       | expression . NOTEQUAL_T expression
   84       | expression . AND_T expression
   85       | expression . OR_T expression
   99 argList: expression .

    ISEQUAL_T        shift, and go to state 59
    NOTEQUAL_T       shift, and go to state 60
    LESS_EQUAL_T     shift, and go to state 61
    GREATER_EQUAL_T  shift, and go to state 62
    AND_T            shift, and go to state 63
    OR_T             shift, and go to state 64
    '<'              shift, and go to state 65
    '>'              shift, and go to state 66
    '+'              shift, and go to state 67
    '-'              shift, and go to state 68
    '*'              shift, and go to state 69
    '/'              shift, and go to state 70
    '%'              shift, and go to state 71

    $default  reduce using rule 99 (argList)


state 105

   95 call: ID_T @5 '(' args . ')'

    ')'  shift, and go to state 111


state 106

   96 args: argList .
   98 argList: argList . ',' expression

    ','  shift, and go to state 112

    $default  reduce using rule 96 (args)


state 107

   28 formalParam: INT_T ID_T '[' ']' .

    $default  reduce using rule 28 (formalParam)


state 108

   30 compoundStatement: '{' localDeclarations . statementList '}'
   31 localDeclarations: localDeclarations . varDeclaration

    INT_T  shift, and go to state 113

    $default  reduce using rule 34 (statementList)

    varDeclaration  go to state 114
    statementList   go to state 115


state 109

   72 var: ID_T @4 '[' expression ']' .

    $default  reduce using rule 72 (var)


state 110

  100 argList: error ',' . error

    error  shift, and go to state 116


state 111

   95 call: ID_T @5 '(' args ')' .

    $default  reduce using rule 95 (call)


state 112

   98 argList: argList ',' . expression

    INCREMENT_T  shift, and go to state 34
    DECREMENT_T  shift, and go to state 35
    ID_T         shift, and go to state 36
    INTCONST_T   shift, and go to state 37
    '-'          shift, and go to state 38
    '!'          shift, and go to state 39
    '('          shift, and go to state 40

    expression  go to state 117
    var         go to state 42
    rValue      go to state 43
    call        go to state 44


state 113

    8 varDeclaration: INT_T . varDeclList ';'

    error  shift, and go to state 10
    ID_T   shift, and go to state 25

    varDeclList  go to state 12
    varDecl      go to state 13


state 114

   31 localDeclarations: localDeclarations varDeclaration .

    $default  reduce using rule 31 (localDeclarations)


state 115

   30 compoundStatement: '{' localDeclarations statementList . '}'
   33 statementList: statementList . statement

    INCREMENT_T  shift, and go to state 34
    DECREMENT_T  shift, and go to state 35
    WHILE_T      shift, and go to state 118
    FOR_T        shift, and go to state 119
    IF_T         shift, and go to state 120
    RETURN_T     shift, and go to state 121
    READ_T       shift, and go to state 122
    PRINT_T      shift, and go to state 123
    ID_T         shift, and go to state 36
    DO_T         shift, and go to state 124
    INTCONST_T   shift, and go to state 37
    '-'          shift, and go to state 38
    '!'          shift, and go to state 39
    ';'          shift, and go to state 125
    '('          shift, and go to state 40
    '{'          shift, and go to state 97
    '}'          shift, and go to state 126

    compoundStatement    go to state 127
    statement            go to state 128
    expressionStatement  go to state 129
    ifStatement          go to state 130
    whileStatement       go to state 131
    doWhileStatement     go to state 132
    forStatement         go to state 133
    returnStatement      go to state 134
    readStatement        go to state 135
    printStatement       go to state 136
    expression           go to state 137
    var                  go to state 42
    rValue               go to state 43
    call                 go to state 44


state 116

  100 argList: error ',' error .

    $default  reduce using rule 100 (argList)


state 117

   73 rValue: expression . '+' expression
   74       | expression . '-' expression
   75       | expression . '*' expression
   76       | expression . '/' expression
   77       | expression . '%' expression
   78       | expression . '<' expression
   79       | expression . LESS_EQUAL_T expression
   80       | expression . '>' expression
   81       | expression . GREATER_EQUAL_T expression
   82       | expression . ISEQUAL_T expression
   83       | expression . NOTEQUAL_T expression
   84       | expression . AND_T expression
   85       | expression . OR_T expression
   98 argList: argList ',' expression .

    ISEQUAL_T        shift, and go to state 59
    NOTEQUAL_T       shift, and go to state 60
    LESS_EQUAL_T     shift, and go to state 61
    GREATER_EQUAL_T  shift, and go to state 62
    AND_T            shift, and go to state 63
    OR_T             shift, and go to state 64
    '<'              shift, and go to state 65
    '>'              shift, and go to state 66
    '+'              shift, and go to state 67
    '-'              shift, and go to state 68
    '*'              shift, and go to state 69
    '/'              shift, and go to state 70
    '%'              shift, and go to state 71

    $default  reduce using rule 98 (argList)


state 118

   50 whileStatement: WHILE_T . '(' expression ')' statement
   51               | WHILE_T . '(' error ')' error

    '('  shift, and go to state 138


state 119

   54 forStatement: FOR_T . '(' forHeaderExpression ';' forHeaderExpression ';' forHeaderExpression ')' statement
   55             | FOR_T . '(' error ';' error ';' error ')' error
   56             | FOR_T . '(' error ')' error

    '('  shift, and go to state 139


state 120

   46 ifStatement: IF_T . '(' expression ')' statement
   47            | IF_T . '(' expression ')' statement ELSE_T statement
   48            | IF_T . '(' error ')' statement
   49            | IF_T . '(' error ')' statement ELSE_T statement

    '('  shift, and go to state 140


state 121

   59 returnStatement: RETURN_T . ';'
   60                | RETURN_T . expression ';'
   61                | RETURN_T . error ';'

    error        shift, and go to state 141
    INCREMENT_T  shift, and go to state 34
    DECREMENT_T  shift, and go to state 35
    ID_T         shift, and go to state 36
    INTCONST_T   shift, and go to state 37
    '-'          shift, and go to state 38
    '!'          shift, and go to state 39
    ';'          shift, and go to state 142
    '('          shift, and go to state 40

    expression  go to state 143
    var         go to state 42
    rValue      go to state 43
    call        go to state 44


state 122

   62 readStatement: READ_T . var ';'
   63              | READ_T . error ';'

    error  shift, and go to state 144
    ID_T   shift, and go to state 51

    var  go to state 145


state 123

   64 printStatement: PRINT_T . expression ';'
   65               | PRINT_T . STRINGCONST_T ';'
   66               | PRINT_T . error ';'

    error          shift, and go to state 146
    INCREMENT_T    shift, and go to state 34
    DECREMENT_T    shift, and go to state 35
    ID_T           shift, and go to state 36
    STRINGCONST_T  shift, and go to state 147
    INTCONST_T     shift, and go to state 37
    '-'            shift, and go to state 38
    '!'            shift, and go to state 39
    '('            shift, and go to state 40

    expression  go to state 148
    var         go to state 42
    rValue      go to state 43
    call        go to state 44


state 124

   52 doWhileStatement: DO_T . statement WHILE_T '(' expression ')' ';'
   53                 | DO_T . error WHILE_T '(' error ')' ';'

    error        shift, and go to state 149
    INCREMENT_T  shift, and go to state 34
    DECREMENT_T  shift, and go to state 35
    WHILE_T      shift, and go to state 118
    FOR_T        shift, and go to state 119
    IF_T         shift, and go to state 120
    RETURN_T     shift, and go to state 121
    READ_T       shift, and go to state 122
    PRINT_T      shift, and go to state 123
    ID_T         shift, and go to state 36
    DO_T         shift, and go to state 124
    INTCONST_T   shift, and go to state 37
    '-'          shift, and go to state 38
    '!'          shift, and go to state 39
    ';'          shift, and go to state 125
    '('          shift, and go to state 40
    '{'          shift, and go to state 97

    compoundStatement    go to state 127
    statement            go to state 150
    expressionStatement  go to state 129
    ifStatement          go to state 130
    whileStatement       go to state 131
    doWhileStatement     go to state 132
    forStatement         go to state 133
    returnStatement      go to state 134
    readStatement        go to state 135
    printStatement       go to state 136
    expression           go to state 137
    var                  go to state 42
    rValue               go to state 43
    call                 go to state 44


state 125

   45 expressionStatement: ';' .

    $default  reduce using rule 45 (expressionStatement)


state 126

   30 compoundStatement: '{' localDeclarations statementList '}' .

    $default  reduce using rule 30 (compoundStatement)


state 127

   36 statement: compoundStatement .

    $default  reduce using rule 36 (statement)


state 128

   33 statementList: statementList statement .

    $default  reduce using rule 33 (statementList)


state 129

   35 statement: expressionStatement .

    $default  reduce using rule 35 (statement)


state 130

   37 statement: ifStatement .

    $default  reduce using rule 37 (statement)


state 131

   38 statement: whileStatement .

    $default  reduce using rule 38 (statement)


state 132

   39 statement: doWhileStatement .

    $default  reduce using rule 39 (statement)


state 133

   40 statement: forStatement .

    $default  reduce using rule 40 (statement)


state 134

   41 statement: returnStatement .

    $default  reduce using rule 41 (statement)


state 135

   42 statement: readStatement .

    $default  reduce using rule 42 (statement)


state 136

   43 statement: printStatement .

    $default  reduce using rule 43 (statement)


state 137

   44 expressionStatement: expression . ';'
   73 rValue: expression . '+' expression
   74       | expression . '-' expression
   75       | expression . '*' expression
   76       | expression . '/' expression
   77       | expression . '%' expression
   78       | expression . '<' expression
   79       | expression . LESS_EQUAL_T expression
   80       | expression . '>' expression
   81       | expression . GREATER_EQUAL_T expression
   82       | expression . ISEQUAL_T expression
   83       | expression . NOTEQUAL_T expression
   84       | expression . AND_T expression
   85       | expression . OR_T expression

    ISEQUAL_T        shift, and go to state 59
    NOTEQUAL_T       shift, and go to state 60
    LESS_EQUAL_T     shift, and go to state 61
    GREATER_EQUAL_T  shift, and go to state 62
    AND_T            shift, and go to state 63
    OR_T             shift, and go to state 64
    '<'              shift, and go to state 65
    '>'              shift, and go to state 66
    '+'              shift, and go to state 67
    '-'              shift, and go to state 68
    '*'              shift, and go to state 69
    '/'              shift, and go to state 70
    '%'              shift, and go to state 71
    ';'              shift, and go to state 151


state 138

   50 whileStatement: WHILE_T '(' . expression ')' statement
   51               | WHILE_T '(' . error ')' error

    error        shift, and go to state 152
    INCREMENT_T  shift, and go to state 34
    DECREMENT_T  shift, and go to state 35
    ID_T         shift, and go to state 36
    INTCONST_T   shift, and go to state 37
    '-'          shift, and go to state 38
    '!'          shift, and go to state 39
    '('          shift, and go to state 40

    expression  go to state 153
    var         go to state 42
    rValue      go to state 43
    call        go to state 44


state 139

   54 forStatement: FOR_T '(' . forHeaderExpression ';' forHeaderExpression ';' forHeaderExpression ')' statement
   55             | FOR_T '(' . error ';' error ';' error ')' error
   56             | FOR_T '(' . error ')' error

    error        shift, and go to state 154
    INCREMENT_T  shift, and go to state 34
    DECREMENT_T  shift, and go to state 35
    ID_T         shift, and go to state 36
    INTCONST_T   shift, and go to state 37
    '-'          shift, and go to state 38
    '!'          shift, and go to state 39
    '('          shift, and go to state 40

    ';'  reduce using rule 58 (forHeaderExpression)

    forHeaderExpression  go to state 155
    expression           go to state 156
    var                  go to state 42
    rValue               go to state 43
    call                 go to state 44


state 140

   46 ifStatement: IF_T '(' . expression ')' statement
   47            | IF_T '(' . expression ')' statement ELSE_T statement
   48            | IF_T '(' . error ')' statement
   49            | IF_T '(' . error ')' statement ELSE_T statement

    error        shift, and go to state 157
    INCREMENT_T  shift, and go to state 34
    DECREMENT_T  shift, and go to state 35
    ID_T         shift, and go to state 36
    INTCONST_T   shift, and go to state 37
    '-'          shift, and go to state 38
    '!'          shift, and go to state 39
    '('          shift, and go to state 40

    expression  go to state 158
    var         go to state 42
    rValue      go to state 43
    call        go to state 44


state 141

   61 returnStatement: RETURN_T error . ';'

    ';'  shift, and go to state 159


state 142

   59 returnStatement: RETURN_T ';' .

    $default  reduce using rule 59 (returnStatement)


state 143

   60 returnStatement: RETURN_T expression . ';'
   73 rValue: expression . '+' expression
   74       | expression . '-' expression
   75       | expression . '*' expression
   76       | expression . '/' expression
   77       | expression . '%' expression
   78       | expression . '<' expression
   79       | expression . LESS_EQUAL_T expression
   80       | expression . '>' expression
   81       | expression . GREATER_EQUAL_T expression
   82       | expression . ISEQUAL_T expression
   83       | expression . NOTEQUAL_T expression
   84       | expression . AND_T expression
   85       | expression . OR_T expression

    ISEQUAL_T        shift, and go to state 59
    NOTEQUAL_T       shift, and go to state 60
    LESS_EQUAL_T     shift, and go to state 61
    GREATER_EQUAL_T  shift, and go to state 62
    AND_T            shift, and go to state 63
    OR_T             shift, and go to state 64
    '<'              shift, and go to state 65
    '>'              shift, and go to state 66
    '+'              shift, and go to state 67
    '-'              shift, and go to state 68
    '*'              shift, and go to state 69
    '/'              shift, and go to state 70
    '%'              shift, and go to state 71
    ';'              shift, and go to state 160


state 144

   63 readStatement: READ_T error . ';'

    ';'  shift, and go to state 161


state 145

   62 readStatement: READ_T var . ';'

    ';'  shift, and go to state 162


state 146

   66 printStatement: PRINT_T error . ';'

    ';'  shift, and go to state 163


state 147

   65 printStatement: PRINT_T STRINGCONST_T . ';'

    ';'  shift, and go to state 164


state 148

   64 printStatement: PRINT_T expression . ';'
   73 rValue: expression . '+' expression
   74       | expression . '-' expression
   75       | expression . '*' expression
   76       | expression . '/' expression
   77       | expression . '%' expression
   78       | expression . '<' expression
   79       | expression . LESS_EQUAL_T expression
   80       | expression . '>' expression
   81       | expression . GREATER_EQUAL_T expression
   82       | expression . ISEQUAL_T expression
   83       | expression . NOTEQUAL_T expression
   84       | expression . AND_T expression
   85       | expression . OR_T expression

    ISEQUAL_T        shift, and go to state 59
    NOTEQUAL_T       shift, and go to state 60
    LESS_EQUAL_T     shift, and go to state 61
    GREATER_EQUAL_T  shift, and go to state 62
    AND_T            shift, and go to state 63
    OR_T             shift, and go to state 64
    '<'              shift, and go to state 65
    '>'              shift, and go to state 66
    '+'              shift, and go to state 67
    '-'              shift, and go to state 68
    '*'              shift, and go to state 69
    '/'              shift, and go to state 70
    '%'              shift, and go to state 71
    ';'              shift, and go to state 165


state 149

   53 doWhileStatement: DO_T error . WHILE_T '(' error ')' ';'

    WHILE_T  shift, and go to state 166


state 150

   52 doWhileStatement: DO_T statement . WHILE_T '(' expression ')' ';'

    WHILE_T  shift, and go to state 167


state 151

   44 expressionStatement: expression ';' .

    $default  reduce using rule 44 (expressionStatement)


state 152

   51 whileStatement: WHILE_T '(' error . ')' error

    ')'  shift, and go to state 168


state 153

   50 whileStatement: WHILE_T '(' expression . ')' statement
   73 rValue: expression . '+' expression
   74       | expression . '-' expression
   75       | expression . '*' expression
   76       | expression . '/' expression
   77       | expression . '%' expression
   78       | expression . '<' expression
   79       | expression . LESS_EQUAL_T expression
   80       | expression . '>' expression
   81       | expression . GREATER_EQUAL_T expression
   82       | expression . ISEQUAL_T expression
   83       | expression . NOTEQUAL_T expression
   84       | expression . AND_T expression
   85       | expression . OR_T expression

    ISEQUAL_T        shift, and go to state 59
    NOTEQUAL_T       shift, and go to state 60
    LESS_EQUAL_T     shift, and go to state 61
    GREATER_EQUAL_T  shift, and go to state 62
    AND_T            shift, and go to state 63
    OR_T             shift, and go to state 64
    '<'              shift, and go to state 65
    '>'              shift, and go to state 66
    '+'              shift, and go to state 67
    '-'              shift, and go to state 68
    '*'              shift, and go to state 69
    '/'              shift, and go to state 70
    '%'              shift, and go to state 71
    ')'              shift, and go to state 169


state 154

   55 forStatement: FOR_T '(' error . ';' error ';' error ')' error
   56             | FOR_T '(' error . ')' error

    ';'  shift, and go to state 170
    ')'  shift, and go to state 171


state 155

   54 forStatement: FOR_T '(' forHeaderExpression . ';' forHeaderExpression ';' forHeaderExpression ')' statement

    ';'  shift, and go to state 172


state 156

   57 forHeaderExpression: expression .
   73 rValue: expression . '+' expression
   74       | expression . '-' expression
   75       | expression . '*' expression
   76       | expression . '/' expression
   77       | expression . '%' expression
   78       | expression . '<' expression
   79       | expression . LESS_EQUAL_T expression
   80       | expression . '>' expression
   81       | expression . GREATER_EQUAL_T expression
   82       | expression . ISEQUAL_T expression
   83       | expression . NOTEQUAL_T expression
   84       | expression . AND_T expression
   85       | expression . OR_T expression

    ISEQUAL_T        shift, and go to state 59
    NOTEQUAL_T       shift, and go to state 60
    LESS_EQUAL_T     shift, and go to state 61
    GREATER_EQUAL_T  shift, and go to state 62
    AND_T            shift, and go to state 63
    OR_T             shift, and go to state 64
    '<'              shift, and go to state 65
    '>'              shift, and go to state 66
    '+'              shift, and go to state 67
    '-'              shift, and go to state 68
    '*'              shift, and go to state 69
    '/'              shift, and go to state 70
    '%'              shift, and go to state 71

    $default  reduce using rule 57 (forHeaderExpression)


state 157

   48 ifStatement: IF_T '(' error . ')' statement
   49            | IF_T '(' error . ')' statement ELSE_T statement

    ')'  shift, and go to state 173


state 158

   46 ifStatement: IF_T '(' expression . ')' statement
   47            | IF_T '(' expression . ')' statement ELSE_T statement
   73 rValue: expression . '+' expression
   74       | expression . '-' expression
   75       | expression . '*' expression
   76       | expression . '/' expression
   77       | expression . '%' expression
   78       | expression . '<' expression
   79       | expression . LESS_EQUAL_T expression
   80       | expression . '>' expression
   81       | expression . GREATER_EQUAL_T expression
   82       | expression . ISEQUAL_T expression
   83       | expression . NOTEQUAL_T expression
   84       | expression . AND_T expression
   85       | expression . OR_T expression

    ISEQUAL_T        shift, and go to state 59
    NOTEQUAL_T       shift, and go to state 60
    LESS_EQUAL_T     shift, and go to state 61
    GREATER_EQUAL_T  shift, and go to state 62
    AND_T            shift, and go to state 63
    OR_T             shift, and go to state 64
    '<'              shift, and go to state 65
    '>'              shift, and go to state 66
    '+'              shift, and go to state 67
    '-'              shift, and go to state 68
    '*'              shift, and go to state 69
    '/'              shift, and go to state 70
    '%'              shift, and go to state 71
    ')'              shift, and go to state 174


state 159

   61 returnStatement: RETURN_T error ';' .

    $default  reduce using rule 61 (returnStatement)


state 160

   60 returnStatement: RETURN_T expression ';' .

    $default  reduce using rule 60 (returnStatement)


state 161

   63 readStatement: READ_T error ';' .

    $default  reduce using rule 63 (readStatement)


state 162

   62 readStatement: READ_T var ';' .

    $default  reduce using rule 62 (readStatement)


state 163

   66 printStatement: PRINT_T error ';' .

    $default  reduce using rule 66 (printStatement)


state 164

   65 printStatement: PRINT_T STRINGCONST_T ';' .

    $default  reduce using rule 65 (printStatement)


state 165

   64 printStatement: PRINT_T expression ';' .

    $default  reduce using rule 64 (printStatement)


state 166

   53 doWhileStatement: DO_T error WHILE_T . '(' error ')' ';'

    '('  shift, and go to state 175


state 167

   52 doWhileStatement: DO_T statement WHILE_T . '(' expression ')' ';'

    '('  shift, and go to state 176


state 168

   51 whileStatement: WHILE_T '(' error ')' . error

    error  shift, and go to state 177


state 169

   50 whileStatement: WHILE_T '(' expression ')' . statement

    INCREMENT_T  shift, and go to state 34
    DECREMENT_T  shift, and go to state 35
    WHILE_T      shift, and go to state 118
    FOR_T        shift, and go to state 119
    IF_T         shift, and go to state 120
    RETURN_T     shift, and go to state 121
    READ_T       shift, and go to state 122
    PRINT_T      shift, and go to state 123
    ID_T         shift, and go to state 36
    DO_T         shift, and go to state 124
    INTCONST_T   shift, and go to state 37
    '-'          shift, and go to state 38
    '!'          shift, and go to state 39
    ';'          shift, and go to state 125
    '('          shift, and go to state 40
    '{'          shift, and go to state 97

    compoundStatement    go to state 127
    statement            go to state 178
    expressionStatement  go to state 129
    ifStatement          go to state 130
    whileStatement       go to state 131
    doWhileStatement     go to state 132
    forStatement         go to state 133
    returnStatement      go to state 134
    readStatement        go to state 135
    printStatement       go to state 136
    expression           go to state 137
    var                  go to state 42
    rValue               go to state 43
    call                 go to state 44


state 170

   55 forStatement: FOR_T '(' error ';' . error ';' error ')' error

    error  shift, and go to state 179


state 171

   56 forStatement: FOR_T '(' error ')' . error

    error  shift, and go to state 180


state 172

   54 forStatement: FOR_T '(' forHeaderExpression ';' . forHeaderExpression ';' forHeaderExpression ')' statement

    INCREMENT_T  shift, and go to state 34
    DECREMENT_T  shift, and go to state 35
    ID_T         shift, and go to state 36
    INTCONST_T   shift, and go to state 37
    '-'          shift, and go to state 38
    '!'          shift, and go to state 39
    '('          shift, and go to state 40

    $default  reduce using rule 58 (forHeaderExpression)

    forHeaderExpression  go to state 181
    expression           go to state 156
    var                  go to state 42
    rValue               go to state 43
    call                 go to state 44


state 173

   48 ifStatement: IF_T '(' error ')' . statement
   49            | IF_T '(' error ')' . statement ELSE_T statement

    INCREMENT_T  shift, and go to state 34
    DECREMENT_T  shift, and go to state 35
    WHILE_T      shift, and go to state 118
    FOR_T        shift, and go to state 119
    IF_T         shift, and go to state 120
    RETURN_T     shift, and go to state 121
    READ_T       shift, and go to state 122
    PRINT_T      shift, and go to state 123
    ID_T         shift, and go to state 36
    DO_T         shift, and go to state 124
    INTCONST_T   shift, and go to state 37
    '-'          shift, and go to state 38
    '!'          shift, and go to state 39
    ';'          shift, and go to state 125
    '('          shift, and go to state 40
    '{'          shift, and go to state 97

    compoundStatement    go to state 127
    statement            go to state 182
    expressionStatement  go to state 129
    ifStatement          go to state 130
    whileStatement       go to state 131
    doWhileStatement     go to state 132
    forStatement         go to state 133
    returnStatement      go to state 134
    readStatement        go to state 135
    printStatement       go to state 136
    expression           go to state 137
    var                  go to state 42
    rValue               go to state 43
    call                 go to state 44


state 174

   46 ifStatement: IF_T '(' expression ')' . statement
   47            | IF_T '(' expression ')' . statement ELSE_T statement

    INCREMENT_T  shift, and go to state 34
    DECREMENT_T  shift, and go to state 35
    WHILE_T      shift, and go to state 118
    FOR_T        shift, and go to state 119
    IF_T         shift, and go to state 120
    RETURN_T     shift, and go to state 121
    READ_T       shift, and go to state 122
    PRINT_T      shift, and go to state 123
    ID_T         shift, and go to state 36
    DO_T         shift, and go to state 124
    INTCONST_T   shift, and go to state 37
    '-'          shift, and go to state 38
    '!'          shift, and go to state 39
    ';'          shift, and go to state 125
    '('          shift, and go to state 40
    '{'          shift, and go to state 97

    compoundStatement    go to state 127
    statement            go to state 183
    expressionStatement  go to state 129
    ifStatement          go to state 130
    whileStatement       go to state 131
    doWhileStatement     go to state 132
    forStatement         go to state 133
    returnStatement      go to state 134
    readStatement        go to state 135
    printStatement       go to state 136
    expression           go to state 137
    var                  go to state 42
    rValue               go to state 43
    call                 go to state 44


state 175

   53 doWhileStatement: DO_T error WHILE_T '(' . error ')' ';'

    error  shift, and go to state 184


state 176

   52 doWhileStatement: DO_T statement WHILE_T '(' . expression ')' ';'

    INCREMENT_T  shift, and go to state 34
    DECREMENT_T  shift, and go to state 35
    ID_T         shift, and go to state 36
    INTCONST_T   shift, and go to state 37
    '-'          shift, and go to state 38
    '!'          shift, and go to state 39
    '('          shift, and go to state 40

    expression  go to state 185
    var         go to state 42
    rValue      go to state 43
    call        go to state 44


state 177

   51 whileStatement: WHILE_T '(' error ')' error .

    $default  reduce using rule 51 (whileStatement)


state 178

   50 whileStatement: WHILE_T '(' expression ')' statement .

    $default  reduce using rule 50 (whileStatement)


state 179

   55 forStatement: FOR_T '(' error ';' error . ';' error ')' error

    ';'  shift, and go to state 186


state 180

   56 forStatement: FOR_T '(' error ')' error .

    $default  reduce using rule 56 (forStatement)


state 181

   54 forStatement: FOR_T '(' forHeaderExpression ';' forHeaderExpression . ';' forHeaderExpression ')' statement

    ';'  shift, and go to state 187


state 182

   48 ifStatement: IF_T '(' error ')' statement .
   49            | IF_T '(' error ')' statement . ELSE_T statement

    ELSE_T  shift, and go to state 188

    $default  reduce using rule 48 (ifStatement)


state 183

   46 ifStatement: IF_T '(' expression ')' statement .
   47            | IF_T '(' expression ')' statement . ELSE_T statement

    ELSE_T  shift, and go to state 189

    $default  reduce using rule 46 (ifStatement)


state 184

   53 doWhileStatement: DO_T error WHILE_T '(' error . ')' ';'

    ')'  shift, and go to state 190


state 185

   52 doWhileStatement: DO_T statement WHILE_T '(' expression . ')' ';'
   73 rValue: expression . '+' expression
   74       | expression . '-' expression
   75       | expression . '*' expression
   76       | expression . '/' expression
   77       | expression . '%' expression
   78       | expression . '<' expression
   79       | expression . LESS_EQUAL_T expression
   80       | expression . '>' expression
   81       | expression . GREATER_EQUAL_T expression
   82       | expression . ISEQUAL_T expression
   83       | expression . NOTEQUAL_T expression
   84       | expression . AND_T expression
   85       | expression . OR_T expression

    ISEQUAL_T        shift, and go to state 59
    NOTEQUAL_T       shift, and go to state 60
    LESS_EQUAL_T     shift, and go to state 61
    GREATER_EQUAL_T  shift, and go to state 62
    AND_T            shift, and go to state 63
    OR_T             shift, and go to state 64
    '<'              shift, and go to state 65
    '>'              shift, and go to state 66
    '+'              shift, and go to state 67
    '-'              shift, and go to state 68
    '*'              shift, and go to state 69
    '/'              shift, and go to state 70
    '%'              shift, and go to state 71
    ')'              shift, and go to state 191


state 186

   55 forStatement: FOR_T '(' error ';' error ';' . error ')' error

    error  shift, and go to state 192


state 187

   54 forStatement: FOR_T '(' forHeaderExpression ';' forHeaderExpression ';' . forHeaderExpression ')' statement

    INCREMENT_T  shift, and go to state 34
    DECREMENT_T  shift, and go to state 35
    ID_T         shift, and go to state 36
    INTCONST_T   shift, and go to state 37
    '-'          shift, and go to state 38
    '!'          shift, and go to state 39
    '('          shift, and go to state 40

    $default  reduce using rule 58 (forHeaderExpression)

    forHeaderExpression  go to state 193
    expression           go to state 156
    var                  go to state 42
    rValue               go to state 43
    call                 go to state 44


state 188

   49 ifStatement: IF_T '(' error ')' statement ELSE_T . statement

    INCREMENT_T  shift, and go to state 34
    DECREMENT_T  shift, and go to state 35
    WHILE_T      shift, and go to state 118
    FOR_T        shift, and go to state 119
    IF_T         shift, and go to state 120
    RETURN_T     shift, and go to state 121
    READ_T       shift, and go to state 122
    PRINT_T      shift, and go to state 123
    ID_T         shift, and go to state 36
    DO_T         shift, and go to state 124
    INTCONST_T   shift, and go to state 37
    '-'          shift, and go to state 38
    '!'          shift, and go to state 39
    ';'          shift, and go to state 125
    '('          shift, and go to state 40
    '{'          shift, and go to state 97

    compoundStatement    go to state 127
    statement            go to state 194
    expressionStatement  go to state 129
    ifStatement          go to state 130
    whileStatement       go to state 131
    doWhileStatement     go to state 132
    forStatement         go to state 133
    returnStatement      go to state 134
    readStatement        go to state 135
    printStatement       go to state 136
    expression           go to state 137
    var                  go to state 42
    rValue               go to state 43
    call                 go to state 44


state 189

   47 ifStatement: IF_T '(' expression ')' statement ELSE_T . statement

    INCREMENT_T  shift, and go to state 34
    DECREMENT_T  shift, and go to state 35
    WHILE_T      shift, and go to state 118
    FOR_T        shift, and go to state 119
    IF_T         shift, and go to state 120
    RETURN_T     shift, and go to state 121
    READ_T       shift, and go to state 122
    PRINT_T      shift, and go to state 123
    ID_T         shift, and go to state 36
    DO_T         shift, and go to state 124
    INTCONST_T   shift, and go to state 37
    '-'          shift, and go to state 38
    '!'          shift, and go to state 39
    ';'          shift, and go to state 125
    '('          shift, and go to state 40
    '{'          shift, and go to state 97

    compoundStatement    go to state 127
    statement            go to state 195
    expressionStatement  go to state 129
    ifStatement          go to state 130
    whileStatement       go to state 131
    doWhileStatement     go to state 132
    forStatement         go to state 133
    returnStatement      go to state 134
    readStatement        go to state 135
    printStatement       go to state 136
    expression           go to state 137
    var                  go to state 42
    rValue               go to state 43
    call                 go to state 44


state 190

   53 doWhileStatement: DO_T error WHILE_T '(' error ')' . ';'

    ';'  shift, and go to state 196


state 191

   52 doWhileStatement: DO_T statement WHILE_T '(' expression ')' . ';'

    ';'  shift, and go to state 197


state 192

   55 forStatement: FOR_T '(' error ';' error ';' error . ')' error

    ')'  shift, and go to state 198


state 193

   54 forStatement: FOR_T '(' forHeaderExpression ';' forHeaderExpression ';' forHeaderExpression . ')' statement

    ')'  shift, and go to state 199


state 194

   49 ifStatement: IF_T '(' error ')' statement ELSE_T statement .

    $default  reduce using rule 49 (ifStatement)


state 195

   47 ifStatement: IF_T '(' expression ')' statement ELSE_T statement .

    $default  reduce using rule 47 (ifStatement)


state 196

   53 doWhileStatement: DO_T error WHILE_T '(' error ')' ';' .

    $default  reduce using rule 53 (doWhileStatement)


state 197

   52 doWhileStatement: DO_T statement WHILE_T '(' expression ')' ';' .

    $default  reduce using rule 52 (doWhileStatement)


state 198

   55 forStatement: FOR_T '(' error ';' error ';' error ')' . error

    error  shift, and go to state 200


state 199

   54 forStatement: FOR_T '(' forHeaderExpression ';' forHeaderExpression ';' forHeaderExpression ')' . statement

    INCREMENT_T  shift, and go to state 34
    DECREMENT_T  shift, and go to state 35
    WHILE_T      shift, and go to state 118
    FOR_T        shift, and go to state 119
    IF_T         shift, and go to state 120
    RETURN_T     shift, and go to state 121
    READ_T       shift, and go to state 122
    PRINT_T      shift, and go to state 123
    ID_T         shift, and go to state 36
    DO_T         shift, and go to state 124
    INTCONST_T   shift, and go to state 37
    '-'          shift, and go to state 38
    '!'          shift, and go to state 39
    ';'          shift, and go to state 125
    '('          shift, and go to state 40
    '{'          shift, and go to state 97

    compoundStatement    go to state 127
    statement            go to state 201
    expressionStatement  go to state 129
    ifStatement          go to state 130
    whileStatement       go to state 131
    doWhileStatement     go to state 132
    forStatement         go to state 133
    returnStatement      go to state 134
    readStatement        go to state 135
    printStatement       go to state 136
    expression           go to state 137
    var                  go to state 42
    rValue               go to state 43
    call                 go to state 44


state 200

   55 forStatement: FOR_T '(' error ';' error ';' error ')' error .

    $default  reduce using rule 55 (forStatement)


state 201

   54 forStatement: FOR_T '(' forHeaderExpression ';' forHeaderExpression ';' forHeaderExpression ')' statement .

    $default  reduce using rule 54 (forStatement)
