Terminals which are not used

   EOF_T
   OTHER_T


State 94 conflicts: 13 shift/reduce


Grammar

    0 $accept: program $end

    1 program: declarationList

    2 declarationList: declarationList declaration
    3                | declaration

    4 declaration: varDeclaration
    5            | funcDeclaration

    6 varDeclaration: INT_T varDeclList ';'

    7 varDeclList: varDeclList ',' varDecl
    8            | varDecl

    9 varDecl: ID_T
   10        | ID_T '=' expression
   11        | ID_T '[' INTCONST_T ']'

   12 funcDeclaration: INT_T ID_T '(' formalParams ')' compoundStatement
   13                | VOID_T ID_T '(' formalParams ')' compoundStatement

   14 formalParams: formalList
   15             | VOID_T
   16             | /* empty */

   17 formalList: formalList ',' formalParam
   18           | formalParam

   19 formalParam: INT_T ID_T
   20            | INT_T ID_T '[' ']'

   21 compoundStatement: '{' localDeclarations statementList '}'

   22 localDeclarations: localDeclarations varDeclaration
   23                  | /* empty */

   24 statementList: statementList statement
   25              | /* empty */

   26 statement: expressionStatement
   27          | compoundStatement
   28          | ifStatement
   29          | whileStatement
   30          | doWhileStatement
   31          | forStatement
   32          | returnStatement
   33          | readStatement
   34          | printStatement

   35 expressionStatement: expression ';'
   36                    | ';'

   37 ifStatement: IF_T '(' expression ')' statement
   38            | IF_T '(' expression ')' statement ELSE_T statement
   39            | IF_T '(' error ')' statement
   40            | IF_T '(' error ')' statement ELSE_T statement

   41 whileStatement: WHILE_T '(' expression ')' statement

   42 doWhileStatement: DO_T statement WHILE_T '(' expression ')' ';'

   43 forStatement: FOR_T '(' forHeaderExpression ';' forHeaderExpression ';' forHeaderExpression ')' statement

   44 forHeaderExpression: expression
   45                    | /* empty */

   46 returnStatement: RETURN_T ';'
   47                | RETURN_T expression ';'

   48 readStatement: READ_T var ';'

   49 printStatement: PRINT_T expression ';'
   50               | PRINT_T STRINGCONST_T ';'

   51 @1: /* empty */

   52 expression: var @1 '=' expression
   53           | rValue

   54 var: ID_T
   55    | ID_T '[' expression ']'

   56 rValue: expression '+' expression
   57       | expression '-' expression
   58       | expression '*' expression
   59       | expression '/' expression
   60       | expression '%' expression
   61       | expression '<' expression
   62       | expression LESS_EQUAL_T expression
   63       | expression '>' expression
   64       | expression GREATER_EQUAL_T expression
   65       | expression ISEQUAL_T expression
   66       | expression NOTEQUAL_T expression
   67       | expression AND_T expression
   68       | expression OR_T expression
   69       | '!' expression
   70       | '-' expression
   71       | var
   72       | INCREMENT_T var
   73       | DECREMENT_T var
   74       | '(' expression ')'
   75       | call
   76       | INTCONST_T

   77 call: ID_T '(' args ')'

   78 args: argList
   79     | /* empty */

   80 argList: argList ',' expression
   81        | expression


Terminals, with rules where they appear

$end (0) 0
'!' (33) 69
'%' (37) 60
'(' (40) 12 13 37 38 39 40 41 42 43 74 77
')' (41) 12 13 37 38 39 40 41 42 43 74 77
'*' (42) 58
'+' (43) 56
',' (44) 7 17 80
'-' (45) 57 70
'/' (47) 59
';' (59) 6 35 36 42 43 46 47 48 49 50
'<' (60) 61
'=' (61) 10 52
'>' (62) 63
'[' (91) 11 20 55
']' (93) 11 20 55
'{' (123) 21
'}' (125) 21
error (256) 39 40
ISEQUAL_T (258) 65
NOTEQUAL_T (259) 66
LESS_EQUAL_T (260) 62
GREATER_EQUAL_T (261) 64
INCREMENT_T (262) 72
DECREMENT_T (263) 73
AND_T (264) 67
OR_T (265) 68
INT_T (266) 6 12 19 20
WHILE_T (267) 41 42
FOR_T (268) 43
IF_T (269) 37 38 39 40
ELSE_T (270) 38 40
RETURN_T (271) 46 47
VOID_T (272) 13 15
READ_T (273) 48
PRINT_T (274) 49 50
ID_T (275) 9 10 11 12 13 19 20 54 55 77
UMINUS_T (276)
DO_T (277) 42
STRINGCONST_T (278) 50
INTCONST_T (279) 11 76
EOF_T (280)
OTHER_T (281)
LOWER_THAN_ELSE (282)


Nonterminals, with rules where they appear

$accept (45)
    on left: 0
program (46)
    on left: 1, on right: 0
declarationList (47)
    on left: 2 3, on right: 1 2
declaration (48)
    on left: 4 5, on right: 2 3
varDeclaration (49)
    on left: 6, on right: 4 22
varDeclList (50)
    on left: 7 8, on right: 6 7
varDecl (51)
    on left: 9 10 11, on right: 7 8
funcDeclaration (52)
    on left: 12 13, on right: 5
formalParams (53)
    on left: 14 15 16, on right: 12 13
formalList (54)
    on left: 17 18, on right: 14 17
formalParam (55)
    on left: 19 20, on right: 17 18
compoundStatement (56)
    on left: 21, on right: 12 13 27
localDeclarations (57)
    on left: 22 23, on right: 21 22
statementList (58)
    on left: 24 25, on right: 21 24
statement (59)
    on left: 26 27 28 29 30 31 32 33 34, on right: 24 37 38 39 40 41
    42 43
expressionStatement (60)
    on left: 35 36, on right: 26
ifStatement (61)
    on left: 37 38 39 40, on right: 28
whileStatement (62)
    on left: 41, on right: 29
doWhileStatement (63)
    on left: 42, on right: 30
forStatement (64)
    on left: 43, on right: 31
forHeaderExpression (65)
    on left: 44 45, on right: 43
returnStatement (66)
    on left: 46 47, on right: 32
readStatement (67)
    on left: 48, on right: 33
printStatement (68)
    on left: 49 50, on right: 34
expression (69)
    on left: 52 53, on right: 10 35 37 38 41 42 44 47 49 52 55 56 57
    58 59 60 61 62 63 64 65 66 67 68 69 70 74 80 81
@1 (70)
    on left: 51, on right: 52
var (71)
    on left: 54 55, on right: 48 52 71 72 73
rValue (72)
    on left: 56 57 58 59 60 61 62 63 64 65 66 67 68 69 70 71 72 73
    74 75 76, on right: 53
call (73)
    on left: 77, on right: 75
args (74)
    on left: 78 79, on right: 77
argList (75)
    on left: 80 81, on right: 78 80


state 0

    0 $accept: . program $end

    INT_T   shift, and go to state 1
    VOID_T  shift, and go to state 2

    program          go to state 3
    declarationList  go to state 4
    declaration      go to state 5
    varDeclaration   go to state 6
    funcDeclaration  go to state 7


state 1

    6 varDeclaration: INT_T . varDeclList ';'
   12 funcDeclaration: INT_T . ID_T '(' formalParams ')' compoundStatement

    ID_T  shift, and go to state 8

    varDeclList  go to state 9
    varDecl      go to state 10


state 2

   13 funcDeclaration: VOID_T . ID_T '(' formalParams ')' compoundStatement

    ID_T  shift, and go to state 11


state 3

    0 $accept: program . $end

    $end  shift, and go to state 12


state 4

    1 program: declarationList .
    2 declarationList: declarationList . declaration

    INT_T   shift, and go to state 1
    VOID_T  shift, and go to state 2

    $default  reduce using rule 1 (program)

    declaration      go to state 13
    varDeclaration   go to state 6
    funcDeclaration  go to state 7


state 5

    3 declarationList: declaration .

    $default  reduce using rule 3 (declarationList)


state 6

    4 declaration: varDeclaration .

    $default  reduce using rule 4 (declaration)


state 7

    5 declaration: funcDeclaration .

    $default  reduce using rule 5 (declaration)


state 8

    9 varDecl: ID_T .
   10        | ID_T . '=' expression
   11        | ID_T . '[' INTCONST_T ']'
   12 funcDeclaration: INT_T ID_T . '(' formalParams ')' compoundStatement

    '='  shift, and go to state 14
    '['  shift, and go to state 15
    '('  shift, and go to state 16

    $default  reduce using rule 9 (varDecl)


state 9

    6 varDeclaration: INT_T varDeclList . ';'
    7 varDeclList: varDeclList . ',' varDecl

    ';'  shift, and go to state 17
    ','  shift, and go to state 18


state 10

    8 varDeclList: varDecl .

    $default  reduce using rule 8 (varDeclList)


state 11

   13 funcDeclaration: VOID_T ID_T . '(' formalParams ')' compoundStatement

    '('  shift, and go to state 19


state 12

    0 $accept: program $end .

    $default  accept


state 13

    2 declarationList: declarationList declaration .

    $default  reduce using rule 2 (declarationList)


state 14

   10 varDecl: ID_T '=' . expression

    INCREMENT_T  shift, and go to state 20
    DECREMENT_T  shift, and go to state 21
    ID_T         shift, and go to state 22
    INTCONST_T   shift, and go to state 23
    '-'          shift, and go to state 24
    '!'          shift, and go to state 25
    '('          shift, and go to state 26

    expression  go to state 27
    var         go to state 28
    rValue      go to state 29
    call        go to state 30


state 15

   11 varDecl: ID_T '[' . INTCONST_T ']'

    INTCONST_T  shift, and go to state 31


state 16

   12 funcDeclaration: INT_T ID_T '(' . formalParams ')' compoundStatement

    INT_T   shift, and go to state 32
    VOID_T  shift, and go to state 33

    $default  reduce using rule 16 (formalParams)

    formalParams  go to state 34
    formalList    go to state 35
    formalParam   go to state 36


state 17

    6 varDeclaration: INT_T varDeclList ';' .

    $default  reduce using rule 6 (varDeclaration)


state 18

    7 varDeclList: varDeclList ',' . varDecl

    ID_T  shift, and go to state 37

    varDecl  go to state 38


state 19

   13 funcDeclaration: VOID_T ID_T '(' . formalParams ')' compoundStatement

    INT_T   shift, and go to state 32
    VOID_T  shift, and go to state 33

    $default  reduce using rule 16 (formalParams)

    formalParams  go to state 39
    formalList    go to state 35
    formalParam   go to state 36


state 20

   72 rValue: INCREMENT_T . var

    ID_T  shift, and go to state 40

    var  go to state 41


state 21

   73 rValue: DECREMENT_T . var

    ID_T  shift, and go to state 40

    var  go to state 42


state 22

   54 var: ID_T .
   55    | ID_T . '[' expression ']'
   77 call: ID_T . '(' args ')'

    '['  shift, and go to state 43
    '('  shift, and go to state 44

    $default  reduce using rule 54 (var)


state 23

   76 rValue: INTCONST_T .

    $default  reduce using rule 76 (rValue)


state 24

   70 rValue: '-' . expression

    INCREMENT_T  shift, and go to state 20
    DECREMENT_T  shift, and go to state 21
    ID_T         shift, and go to state 22
    INTCONST_T   shift, and go to state 23
    '-'          shift, and go to state 24
    '!'          shift, and go to state 25
    '('          shift, and go to state 26

    expression  go to state 45
    var         go to state 28
    rValue      go to state 29
    call        go to state 30


state 25

   69 rValue: '!' . expression

    INCREMENT_T  shift, and go to state 20
    DECREMENT_T  shift, and go to state 21
    ID_T         shift, and go to state 22
    INTCONST_T   shift, and go to state 23
    '-'          shift, and go to state 24
    '!'          shift, and go to state 25
    '('          shift, and go to state 26

    expression  go to state 46
    var         go to state 28
    rValue      go to state 29
    call        go to state 30


state 26

   74 rValue: '(' . expression ')'

    INCREMENT_T  shift, and go to state 20
    DECREMENT_T  shift, and go to state 21
    ID_T         shift, and go to state 22
    INTCONST_T   shift, and go to state 23
    '-'          shift, and go to state 24
    '!'          shift, and go to state 25
    '('          shift, and go to state 26

    expression  go to state 47
    var         go to state 28
    rValue      go to state 29
    call        go to state 30


state 27

   10 varDecl: ID_T '=' expression .
   56 rValue: expression . '+' expression
   57       | expression . '-' expression
   58       | expression . '*' expression
   59       | expression . '/' expression
   60       | expression . '%' expression
   61       | expression . '<' expression
   62       | expression . LESS_EQUAL_T expression
   63       | expression . '>' expression
   64       | expression . GREATER_EQUAL_T expression
   65       | expression . ISEQUAL_T expression
   66       | expression . NOTEQUAL_T expression
   67       | expression . AND_T expression
   68       | expression . OR_T expression

    ISEQUAL_T        shift, and go to state 48
    NOTEQUAL_T       shift, and go to state 49
    LESS_EQUAL_T     shift, and go to state 50
    GREATER_EQUAL_T  shift, and go to state 51
    AND_T            shift, and go to state 52
    OR_T             shift, and go to state 53
    '<'              shift, and go to state 54
    '>'              shift, and go to state 55
    '+'              shift, and go to state 56
    '-'              shift, and go to state 57
    '*'              shift, and go to state 58
    '/'              shift, and go to state 59
    '%'              shift, and go to state 60

    $default  reduce using rule 10 (varDecl)


state 28

   52 expression: var . @1 '=' expression
   71 rValue: var .

    '='       reduce using rule 51 (@1)
    $default  reduce using rule 71 (rValue)

    @1  go to state 61


state 29

   53 expression: rValue .

    $default  reduce using rule 53 (expression)


state 30

   75 rValue: call .

    $default  reduce using rule 75 (rValue)


state 31

   11 varDecl: ID_T '[' INTCONST_T . ']'

    ']'  shift, and go to state 62


state 32

   19 formalParam: INT_T . ID_T
   20            | INT_T . ID_T '[' ']'

    ID_T  shift, and go to state 63


state 33

   15 formalParams: VOID_T .

    $default  reduce using rule 15 (formalParams)


state 34

   12 funcDeclaration: INT_T ID_T '(' formalParams . ')' compoundStatement

    ')'  shift, and go to state 64


state 35

   14 formalParams: formalList .
   17 formalList: formalList . ',' formalParam

    ','  shift, and go to state 65

    $default  reduce using rule 14 (formalParams)


state 36

   18 formalList: formalParam .

    $default  reduce using rule 18 (formalList)


state 37

    9 varDecl: ID_T .
   10        | ID_T . '=' expression
   11        | ID_T . '[' INTCONST_T ']'

    '='  shift, and go to state 14
    '['  shift, and go to state 15

    $default  reduce using rule 9 (varDecl)


state 38

    7 varDeclList: varDeclList ',' varDecl .

    $default  reduce using rule 7 (varDeclList)


state 39

   13 funcDeclaration: VOID_T ID_T '(' formalParams . ')' compoundStatement

    ')'  shift, and go to state 66


state 40

   54 var: ID_T .
   55    | ID_T . '[' expression ']'

    '['  shift, and go to state 43

    $default  reduce using rule 54 (var)


state 41

   72 rValue: INCREMENT_T var .

    $default  reduce using rule 72 (rValue)


state 42

   73 rValue: DECREMENT_T var .

    $default  reduce using rule 73 (rValue)


state 43

   55 var: ID_T '[' . expression ']'

    INCREMENT_T  shift, and go to state 20
    DECREMENT_T  shift, and go to state 21
    ID_T         shift, and go to state 22
    INTCONST_T   shift, and go to state 23
    '-'          shift, and go to state 24
    '!'          shift, and go to state 25
    '('          shift, and go to state 26

    expression  go to state 67
    var         go to state 28
    rValue      go to state 29
    call        go to state 30


state 44

   77 call: ID_T '(' . args ')'

    INCREMENT_T  shift, and go to state 20
    DECREMENT_T  shift, and go to state 21
    ID_T         shift, and go to state 22
    INTCONST_T   shift, and go to state 23
    '-'          shift, and go to state 24
    '!'          shift, and go to state 25
    '('          shift, and go to state 26

    $default  reduce using rule 79 (args)

    expression  go to state 68
    var         go to state 28
    rValue      go to state 29
    call        go to state 30
    args        go to state 69
    argList     go to state 70


state 45

   56 rValue: expression . '+' expression
   57       | expression . '-' expression
   58       | expression . '*' expression
   59       | expression . '/' expression
   60       | expression . '%' expression
   61       | expression . '<' expression
   62       | expression . LESS_EQUAL_T expression
   63       | expression . '>' expression
   64       | expression . GREATER_EQUAL_T expression
   65       | expression . ISEQUAL_T expression
   66       | expression . NOTEQUAL_T expression
   67       | expression . AND_T expression
   68       | expression . OR_T expression
   70       | '-' expression .

    $default  reduce using rule 70 (rValue)


state 46

   56 rValue: expression . '+' expression
   57       | expression . '-' expression
   58       | expression . '*' expression
   59       | expression . '/' expression
   60       | expression . '%' expression
   61       | expression . '<' expression
   62       | expression . LESS_EQUAL_T expression
   63       | expression . '>' expression
   64       | expression . GREATER_EQUAL_T expression
   65       | expression . ISEQUAL_T expression
   66       | expression . NOTEQUAL_T expression
   67       | expression . AND_T expression
   68       | expression . OR_T expression
   69       | '!' expression .

    $default  reduce using rule 69 (rValue)


state 47

   56 rValue: expression . '+' expression
   57       | expression . '-' expression
   58       | expression . '*' expression
   59       | expression . '/' expression
   60       | expression . '%' expression
   61       | expression . '<' expression
   62       | expression . LESS_EQUAL_T expression
   63       | expression . '>' expression
   64       | expression . GREATER_EQUAL_T expression
   65       | expression . ISEQUAL_T expression
   66       | expression . NOTEQUAL_T expression
   67       | expression . AND_T expression
   68       | expression . OR_T expression
   74       | '(' expression . ')'

    ISEQUAL_T        shift, and go to state 48
    NOTEQUAL_T       shift, and go to state 49
    LESS_EQUAL_T     shift, and go to state 50
    GREATER_EQUAL_T  shift, and go to state 51
    AND_T            shift, and go to state 52
    OR_T             shift, and go to state 53
    '<'              shift, and go to state 54
    '>'              shift, and go to state 55
    '+'              shift, and go to state 56
    '-'              shift, and go to state 57
    '*'              shift, and go to state 58
    '/'              shift, and go to state 59
    '%'              shift, and go to state 60
    ')'              shift, and go to state 71


state 48

   65 rValue: expression ISEQUAL_T . expression

    INCREMENT_T  shift, and go to state 20
    DECREMENT_T  shift, and go to state 21
    ID_T         shift, and go to state 22
    INTCONST_T   shift, and go to state 23
    '-'          shift, and go to state 24
    '!'          shift, and go to state 25
    '('          shift, and go to state 26

    expression  go to state 72
    var         go to state 28
    rValue      go to state 29
    call        go to state 30


state 49

   66 rValue: expression NOTEQUAL_T . expression

    INCREMENT_T  shift, and go to state 20
    DECREMENT_T  shift, and go to state 21
    ID_T         shift, and go to state 22
    INTCONST_T   shift, and go to state 23
    '-'          shift, and go to state 24
    '!'          shift, and go to state 25
    '('          shift, and go to state 26

    expression  go to state 73
    var         go to state 28
    rValue      go to state 29
    call        go to state 30


state 50

   62 rValue: expression LESS_EQUAL_T . expression

    INCREMENT_T  shift, and go to state 20
    DECREMENT_T  shift, and go to state 21
    ID_T         shift, and go to state 22
    INTCONST_T   shift, and go to state 23
    '-'          shift, and go to state 24
    '!'          shift, and go to state 25
    '('          shift, and go to state 26

    expression  go to state 74
    var         go to state 28
    rValue      go to state 29
    call        go to state 30


state 51

   64 rValue: expression GREATER_EQUAL_T . expression

    INCREMENT_T  shift, and go to state 20
    DECREMENT_T  shift, and go to state 21
    ID_T         shift, and go to state 22
    INTCONST_T   shift, and go to state 23
    '-'          shift, and go to state 24
    '!'          shift, and go to state 25
    '('          shift, and go to state 26

    expression  go to state 75
    var         go to state 28
    rValue      go to state 29
    call        go to state 30


state 52

   67 rValue: expression AND_T . expression

    INCREMENT_T  shift, and go to state 20
    DECREMENT_T  shift, and go to state 21
    ID_T         shift, and go to state 22
    INTCONST_T   shift, and go to state 23
    '-'          shift, and go to state 24
    '!'          shift, and go to state 25
    '('          shift, and go to state 26

    expression  go to state 76
    var         go to state 28
    rValue      go to state 29
    call        go to state 30


state 53

   68 rValue: expression OR_T . expression

    INCREMENT_T  shift, and go to state 20
    DECREMENT_T  shift, and go to state 21
    ID_T         shift, and go to state 22
    INTCONST_T   shift, and go to state 23
    '-'          shift, and go to state 24
    '!'          shift, and go to state 25
    '('          shift, and go to state 26

    expression  go to state 77
    var         go to state 28
    rValue      go to state 29
    call        go to state 30


state 54

   61 rValue: expression '<' . expression

    INCREMENT_T  shift, and go to state 20
    DECREMENT_T  shift, and go to state 21
    ID_T         shift, and go to state 22
    INTCONST_T   shift, and go to state 23
    '-'          shift, and go to state 24
    '!'          shift, and go to state 25
    '('          shift, and go to state 26

    expression  go to state 78
    var         go to state 28
    rValue      go to state 29
    call        go to state 30


state 55

   63 rValue: expression '>' . expression

    INCREMENT_T  shift, and go to state 20
    DECREMENT_T  shift, and go to state 21
    ID_T         shift, and go to state 22
    INTCONST_T   shift, and go to state 23
    '-'          shift, and go to state 24
    '!'          shift, and go to state 25
    '('          shift, and go to state 26

    expression  go to state 79
    var         go to state 28
    rValue      go to state 29
    call        go to state 30


state 56

   56 rValue: expression '+' . expression

    INCREMENT_T  shift, and go to state 20
    DECREMENT_T  shift, and go to state 21
    ID_T         shift, and go to state 22
    INTCONST_T   shift, and go to state 23
    '-'          shift, and go to state 24
    '!'          shift, and go to state 25
    '('          shift, and go to state 26

    expression  go to state 80
    var         go to state 28
    rValue      go to state 29
    call        go to state 30


state 57

   57 rValue: expression '-' . expression

    INCREMENT_T  shift, and go to state 20
    DECREMENT_T  shift, and go to state 21
    ID_T         shift, and go to state 22
    INTCONST_T   shift, and go to state 23
    '-'          shift, and go to state 24
    '!'          shift, and go to state 25
    '('          shift, and go to state 26

    expression  go to state 81
    var         go to state 28
    rValue      go to state 29
    call        go to state 30


state 58

   58 rValue: expression '*' . expression

    INCREMENT_T  shift, and go to state 20
    DECREMENT_T  shift, and go to state 21
    ID_T         shift, and go to state 22
    INTCONST_T   shift, and go to state 23
    '-'          shift, and go to state 24
    '!'          shift, and go to state 25
    '('          shift, and go to state 26

    expression  go to state 82
    var         go to state 28
    rValue      go to state 29
    call        go to state 30


state 59

   59 rValue: expression '/' . expression

    INCREMENT_T  shift, and go to state 20
    DECREMENT_T  shift, and go to state 21
    ID_T         shift, and go to state 22
    INTCONST_T   shift, and go to state 23
    '-'          shift, and go to state 24
    '!'          shift, and go to state 25
    '('          shift, and go to state 26

    expression  go to state 83
    var         go to state 28
    rValue      go to state 29
    call        go to state 30


state 60

   60 rValue: expression '%' . expression

    INCREMENT_T  shift, and go to state 20
    DECREMENT_T  shift, and go to state 21
    ID_T         shift, and go to state 22
    INTCONST_T   shift, and go to state 23
    '-'          shift, and go to state 24
    '!'          shift, and go to state 25
    '('          shift, and go to state 26

    expression  go to state 84
    var         go to state 28
    rValue      go to state 29
    call        go to state 30


state 61

   52 expression: var @1 . '=' expression

    '='  shift, and go to state 85


state 62

   11 varDecl: ID_T '[' INTCONST_T ']' .

    $default  reduce using rule 11 (varDecl)


state 63

   19 formalParam: INT_T ID_T .
   20            | INT_T ID_T . '[' ']'

    '['  shift, and go to state 86

    $default  reduce using rule 19 (formalParam)


state 64

   12 funcDeclaration: INT_T ID_T '(' formalParams ')' . compoundStatement

    '{'  shift, and go to state 87

    compoundStatement  go to state 88


state 65

   17 formalList: formalList ',' . formalParam

    INT_T  shift, and go to state 32

    formalParam  go to state 89


state 66

   13 funcDeclaration: VOID_T ID_T '(' formalParams ')' . compoundStatement

    '{'  shift, and go to state 87

    compoundStatement  go to state 90


state 67

   55 var: ID_T '[' expression . ']'
   56 rValue: expression . '+' expression
   57       | expression . '-' expression
   58       | expression . '*' expression
   59       | expression . '/' expression
   60       | expression . '%' expression
   61       | expression . '<' expression
   62       | expression . LESS_EQUAL_T expression
   63       | expression . '>' expression
   64       | expression . GREATER_EQUAL_T expression
   65       | expression . ISEQUAL_T expression
   66       | expression . NOTEQUAL_T expression
   67       | expression . AND_T expression
   68       | expression . OR_T expression

    ISEQUAL_T        shift, and go to state 48
    NOTEQUAL_T       shift, and go to state 49
    LESS_EQUAL_T     shift, and go to state 50
    GREATER_EQUAL_T  shift, and go to state 51
    AND_T            shift, and go to state 52
    OR_T             shift, and go to state 53
    '<'              shift, and go to state 54
    '>'              shift, and go to state 55
    '+'              shift, and go to state 56
    '-'              shift, and go to state 57
    '*'              shift, and go to state 58
    '/'              shift, and go to state 59
    '%'              shift, and go to state 60
    ']'              shift, and go to state 91


state 68

   56 rValue: expression . '+' expression
   57       | expression . '-' expression
   58       | expression . '*' expression
   59       | expression . '/' expression
   60       | expression . '%' expression
   61       | expression . '<' expression
   62       | expression . LESS_EQUAL_T expression
   63       | expression . '>' expression
   64       | expression . GREATER_EQUAL_T expression
   65       | expression . ISEQUAL_T expression
   66       | expression . NOTEQUAL_T expression
   67       | expression . AND_T expression
   68       | expression . OR_T expression
   81 argList: expression .

    ISEQUAL_T        shift, and go to state 48
    NOTEQUAL_T       shift, and go to state 49
    LESS_EQUAL_T     shift, and go to state 50
    GREATER_EQUAL_T  shift, and go to state 51
    AND_T            shift, and go to state 52
    OR_T             shift, and go to state 53
    '<'              shift, and go to state 54
    '>'              shift, and go to state 55
    '+'              shift, and go to state 56
    '-'              shift, and go to state 57
    '*'              shift, and go to state 58
    '/'              shift, and go to state 59
    '%'              shift, and go to state 60

    $default  reduce using rule 81 (argList)


state 69

   77 call: ID_T '(' args . ')'

    ')'  shift, and go to state 92


state 70

   78 args: argList .
   80 argList: argList . ',' expression

    ','  shift, and go to state 93

    $default  reduce using rule 78 (args)


state 71

   74 rValue: '(' expression ')' .

    $default  reduce using rule 74 (rValue)


state 72

   56 rValue: expression . '+' expression
   57       | expression . '-' expression
   58       | expression . '*' expression
   59       | expression . '/' expression
   60       | expression . '%' expression
   61       | expression . '<' expression
   62       | expression . LESS_EQUAL_T expression
   63       | expression . '>' expression
   64       | expression . GREATER_EQUAL_T expression
   65       | expression . ISEQUAL_T expression
   65       | expression ISEQUAL_T expression .
   66       | expression . NOTEQUAL_T expression
   67       | expression . AND_T expression
   68       | expression . OR_T expression

    LESS_EQUAL_T     shift, and go to state 50
    GREATER_EQUAL_T  shift, and go to state 51
    '<'              shift, and go to state 54
    '>'              shift, and go to state 55
    '+'              shift, and go to state 56
    '-'              shift, and go to state 57
    '*'              shift, and go to state 58
    '/'              shift, and go to state 59
    '%'              shift, and go to state 60

    $default  reduce using rule 65 (rValue)


state 73

   56 rValue: expression . '+' expression
   57       | expression . '-' expression
   58       | expression . '*' expression
   59       | expression . '/' expression
   60       | expression . '%' expression
   61       | expression . '<' expression
   62       | expression . LESS_EQUAL_T expression
   63       | expression . '>' expression
   64       | expression . GREATER_EQUAL_T expression
   65       | expression . ISEQUAL_T expression
   66       | expression . NOTEQUAL_T expression
   66       | expression NOTEQUAL_T expression .
   67       | expression . AND_T expression
   68       | expression . OR_T expression

    LESS_EQUAL_T     shift, and go to state 50
    GREATER_EQUAL_T  shift, and go to state 51
    '<'              shift, and go to state 54
    '>'              shift, and go to state 55
    '+'              shift, and go to state 56
    '-'              shift, and go to state 57
    '*'              shift, and go to state 58
    '/'              shift, and go to state 59
    '%'              shift, and go to state 60

    $default  reduce using rule 66 (rValue)


state 74

   56 rValue: expression . '+' expression
   57       | expression . '-' expression
   58       | expression . '*' expression
   59       | expression . '/' expression
   60       | expression . '%' expression
   61       | expression . '<' expression
   62       | expression . LESS_EQUAL_T expression
   62       | expression LESS_EQUAL_T expression .
   63       | expression . '>' expression
   64       | expression . GREATER_EQUAL_T expression
   65       | expression . ISEQUAL_T expression
   66       | expression . NOTEQUAL_T expression
   67       | expression . AND_T expression
   68       | expression . OR_T expression

    '+'  shift, and go to state 56
    '-'  shift, and go to state 57
    '*'  shift, and go to state 58
    '/'  shift, and go to state 59
    '%'  shift, and go to state 60

    $default  reduce using rule 62 (rValue)


state 75

   56 rValue: expression . '+' expression
   57       | expression . '-' expression
   58       | expression . '*' expression
   59       | expression . '/' expression
   60       | expression . '%' expression
   61       | expression . '<' expression
   62       | expression . LESS_EQUAL_T expression
   63       | expression . '>' expression
   64       | expression . GREATER_EQUAL_T expression
   64       | expression GREATER_EQUAL_T expression .
   65       | expression . ISEQUAL_T expression
   66       | expression . NOTEQUAL_T expression
   67       | expression . AND_T expression
   68       | expression . OR_T expression

    '+'  shift, and go to state 56
    '-'  shift, and go to state 57
    '*'  shift, and go to state 58
    '/'  shift, and go to state 59
    '%'  shift, and go to state 60

    $default  reduce using rule 64 (rValue)


state 76

   56 rValue: expression . '+' expression
   57       | expression . '-' expression
   58       | expression . '*' expression
   59       | expression . '/' expression
   60       | expression . '%' expression
   61       | expression . '<' expression
   62       | expression . LESS_EQUAL_T expression
   63       | expression . '>' expression
   64       | expression . GREATER_EQUAL_T expression
   65       | expression . ISEQUAL_T expression
   66       | expression . NOTEQUAL_T expression
   67       | expression . AND_T expression
   67       | expression AND_T expression .
   68       | expression . OR_T expression

    ISEQUAL_T        shift, and go to state 48
    NOTEQUAL_T       shift, and go to state 49
    LESS_EQUAL_T     shift, and go to state 50
    GREATER_EQUAL_T  shift, and go to state 51
    '<'              shift, and go to state 54
    '>'              shift, and go to state 55
    '+'              shift, and go to state 56
    '-'              shift, and go to state 57
    '*'              shift, and go to state 58
    '/'              shift, and go to state 59
    '%'              shift, and go to state 60

    $default  reduce using rule 67 (rValue)


state 77

   56 rValue: expression . '+' expression
   57       | expression . '-' expression
   58       | expression . '*' expression
   59       | expression . '/' expression
   60       | expression . '%' expression
   61       | expression . '<' expression
   62       | expression . LESS_EQUAL_T expression
   63       | expression . '>' expression
   64       | expression . GREATER_EQUAL_T expression
   65       | expression . ISEQUAL_T expression
   66       | expression . NOTEQUAL_T expression
   67       | expression . AND_T expression
   68       | expression . OR_T expression
   68       | expression OR_T expression .

    ISEQUAL_T        shift, and go to state 48
    NOTEQUAL_T       shift, and go to state 49
    LESS_EQUAL_T     shift, and go to state 50
    GREATER_EQUAL_T  shift, and go to state 51
    AND_T            shift, and go to state 52
    '<'              shift, and go to state 54
    '>'              shift, and go to state 55
    '+'              shift, and go to state 56
    '-'              shift, and go to state 57
    '*'              shift, and go to state 58
    '/'              shift, and go to state 59
    '%'              shift, and go to state 60

    $default  reduce using rule 68 (rValue)


state 78

   56 rValue: expression . '+' expression
   57       | expression . '-' expression
   58       | expression . '*' expression
   59       | expression . '/' expression
   60       | expression . '%' expression
   61       | expression . '<' expression
   61       | expression '<' expression .
   62       | expression . LESS_EQUAL_T expression
   63       | expression . '>' expression
   64       | expression . GREATER_EQUAL_T expression
   65       | expression . ISEQUAL_T expression
   66       | expression . NOTEQUAL_T expression
   67       | expression . AND_T expression
   68       | expression . OR_T expression

    '+'  shift, and go to state 56
    '-'  shift, and go to state 57
    '*'  shift, and go to state 58
    '/'  shift, and go to state 59
    '%'  shift, and go to state 60

    $default  reduce using rule 61 (rValue)


state 79

   56 rValue: expression . '+' expression
   57       | expression . '-' expression
   58       | expression . '*' expression
   59       | expression . '/' expression
   60       | expression . '%' expression
   61       | expression . '<' expression
   62       | expression . LESS_EQUAL_T expression
   63       | expression . '>' expression
   63       | expression '>' expression .
   64       | expression . GREATER_EQUAL_T expression
   65       | expression . ISEQUAL_T expression
   66       | expression . NOTEQUAL_T expression
   67       | expression . AND_T expression
   68       | expression . OR_T expression

    '+'  shift, and go to state 56
    '-'  shift, and go to state 57
    '*'  shift, and go to state 58
    '/'  shift, and go to state 59
    '%'  shift, and go to state 60

    $default  reduce using rule 63 (rValue)


state 80

   56 rValue: expression . '+' expression
   56       | expression '+' expression .
   57       | expression . '-' expression
   58       | expression . '*' expression
   59       | expression . '/' expression
   60       | expression . '%' expression
   61       | expression . '<' expression
   62       | expression . LESS_EQUAL_T expression
   63       | expression . '>' expression
   64       | expression . GREATER_EQUAL_T expression
   65       | expression . ISEQUAL_T expression
   66       | expression . NOTEQUAL_T expression
   67       | expression . AND_T expression
   68       | expression . OR_T expression

    '*'  shift, and go to state 58
    '/'  shift, and go to state 59
    '%'  shift, and go to state 60

    $default  reduce using rule 56 (rValue)


state 81

   56 rValue: expression . '+' expression
   57       | expression . '-' expression
   57       | expression '-' expression .
   58       | expression . '*' expression
   59       | expression . '/' expression
   60       | expression . '%' expression
   61       | expression . '<' expression
   62       | expression . LESS_EQUAL_T expression
   63       | expression . '>' expression
   64       | expression . GREATER_EQUAL_T expression
   65       | expression . ISEQUAL_T expression
   66       | expression . NOTEQUAL_T expression
   67       | expression . AND_T expression
   68       | expression . OR_T expression

    '*'  shift, and go to state 58
    '/'  shift, and go to state 59
    '%'  shift, and go to state 60

    $default  reduce using rule 57 (rValue)


state 82

   56 rValue: expression . '+' expression
   57       | expression . '-' expression
   58       | expression . '*' expression
   58       | expression '*' expression .
   59       | expression . '/' expression
   60       | expression . '%' expression
   61       | expression . '<' expression
   62       | expression . LESS_EQUAL_T expression
   63       | expression . '>' expression
   64       | expression . GREATER_EQUAL_T expression
   65       | expression . ISEQUAL_T expression
   66       | expression . NOTEQUAL_T expression
   67       | expression . AND_T expression
   68       | expression . OR_T expression

    $default  reduce using rule 58 (rValue)


state 83

   56 rValue: expression . '+' expression
   57       | expression . '-' expression
   58       | expression . '*' expression
   59       | expression . '/' expression
   59       | expression '/' expression .
   60       | expression . '%' expression
   61       | expression . '<' expression
   62       | expression . LESS_EQUAL_T expression
   63       | expression . '>' expression
   64       | expression . GREATER_EQUAL_T expression
   65       | expression . ISEQUAL_T expression
   66       | expression . NOTEQUAL_T expression
   67       | expression . AND_T expression
   68       | expression . OR_T expression

    $default  reduce using rule 59 (rValue)


state 84

   56 rValue: expression . '+' expression
   57       | expression . '-' expression
   58       | expression . '*' expression
   59       | expression . '/' expression
   60       | expression . '%' expression
   60       | expression '%' expression .
   61       | expression . '<' expression
   62       | expression . LESS_EQUAL_T expression
   63       | expression . '>' expression
   64       | expression . GREATER_EQUAL_T expression
   65       | expression . ISEQUAL_T expression
   66       | expression . NOTEQUAL_T expression
   67       | expression . AND_T expression
   68       | expression . OR_T expression

    $default  reduce using rule 60 (rValue)


state 85

   52 expression: var @1 '=' . expression

    INCREMENT_T  shift, and go to state 20
    DECREMENT_T  shift, and go to state 21
    ID_T         shift, and go to state 22
    INTCONST_T   shift, and go to state 23
    '-'          shift, and go to state 24
    '!'          shift, and go to state 25
    '('          shift, and go to state 26

    expression  go to state 94
    var         go to state 28
    rValue      go to state 29
    call        go to state 30


state 86

   20 formalParam: INT_T ID_T '[' . ']'

    ']'  shift, and go to state 95


state 87

   21 compoundStatement: '{' . localDeclarations statementList '}'

    $default  reduce using rule 23 (localDeclarations)

    localDeclarations  go to state 96


state 88

   12 funcDeclaration: INT_T ID_T '(' formalParams ')' compoundStatement .

    $default  reduce using rule 12 (funcDeclaration)


state 89

   17 formalList: formalList ',' formalParam .

    $default  reduce using rule 17 (formalList)


state 90

   13 funcDeclaration: VOID_T ID_T '(' formalParams ')' compoundStatement .

    $default  reduce using rule 13 (funcDeclaration)


state 91

   55 var: ID_T '[' expression ']' .

    $default  reduce using rule 55 (var)


state 92

   77 call: ID_T '(' args ')' .

    $default  reduce using rule 77 (call)


state 93

   80 argList: argList ',' . expression

    INCREMENT_T  shift, and go to state 20
    DECREMENT_T  shift, and go to state 21
    ID_T         shift, and go to state 22
    INTCONST_T   shift, and go to state 23
    '-'          shift, and go to state 24
    '!'          shift, and go to state 25
    '('          shift, and go to state 26

    expression  go to state 97
    var         go to state 28
    rValue      go to state 29
    call        go to state 30


state 94

   52 expression: var @1 '=' expression .
   56 rValue: expression . '+' expression
   57       | expression . '-' expression
   58       | expression . '*' expression
   59       | expression . '/' expression
   60       | expression . '%' expression
   61       | expression . '<' expression
   62       | expression . LESS_EQUAL_T expression
   63       | expression . '>' expression
   64       | expression . GREATER_EQUAL_T expression
   65       | expression . ISEQUAL_T expression
   66       | expression . NOTEQUAL_T expression
   67       | expression . AND_T expression
   68       | expression . OR_T expression

    ISEQUAL_T        shift, and go to state 48
    NOTEQUAL_T       shift, and go to state 49
    LESS_EQUAL_T     shift, and go to state 50
    GREATER_EQUAL_T  shift, and go to state 51
    AND_T            shift, and go to state 52
    OR_T             shift, and go to state 53
    '<'              shift, and go to state 54
    '>'              shift, and go to state 55
    '+'              shift, and go to state 56
    '-'              shift, and go to state 57
    '*'              shift, and go to state 58
    '/'              shift, and go to state 59
    '%'              shift, and go to state 60

    ISEQUAL_T        [reduce using rule 52 (expression)]
    NOTEQUAL_T       [reduce using rule 52 (expression)]
    LESS_EQUAL_T     [reduce using rule 52 (expression)]
    GREATER_EQUAL_T  [reduce using rule 52 (expression)]
    AND_T            [reduce using rule 52 (expression)]
    OR_T             [reduce using rule 52 (expression)]
    '<'              [reduce using rule 52 (expression)]
    '>'              [reduce using rule 52 (expression)]
    '+'              [reduce using rule 52 (expression)]
    '-'              [reduce using rule 52 (expression)]
    '*'              [reduce using rule 52 (expression)]
    '/'              [reduce using rule 52 (expression)]
    '%'              [reduce using rule 52 (expression)]
    $default         reduce using rule 52 (expression)


state 95

   20 formalParam: INT_T ID_T '[' ']' .

    $default  reduce using rule 20 (formalParam)


state 96

   21 compoundStatement: '{' localDeclarations . statementList '}'
   22 localDeclarations: localDeclarations . varDeclaration

    INT_T  shift, and go to state 98

    $default  reduce using rule 25 (statementList)

    varDeclaration  go to state 99
    statementList   go to state 100


state 97

   56 rValue: expression . '+' expression
   57       | expression . '-' expression
   58       | expression . '*' expression
   59       | expression . '/' expression
   60       | expression . '%' expression
   61       | expression . '<' expression
   62       | expression . LESS_EQUAL_T expression
   63       | expression . '>' expression
   64       | expression . GREATER_EQUAL_T expression
   65       | expression . ISEQUAL_T expression
   66       | expression . NOTEQUAL_T expression
   67       | expression . AND_T expression
   68       | expression . OR_T expression
   80 argList: argList ',' expression .

    ISEQUAL_T        shift, and go to state 48
    NOTEQUAL_T       shift, and go to state 49
    LESS_EQUAL_T     shift, and go to state 50
    GREATER_EQUAL_T  shift, and go to state 51
    AND_T            shift, and go to state 52
    OR_T             shift, and go to state 53
    '<'              shift, and go to state 54
    '>'              shift, and go to state 55
    '+'              shift, and go to state 56
    '-'              shift, and go to state 57
    '*'              shift, and go to state 58
    '/'              shift, and go to state 59
    '%'              shift, and go to state 60

    $default  reduce using rule 80 (argList)


state 98

    6 varDeclaration: INT_T . varDeclList ';'

    ID_T  shift, and go to state 37

    varDeclList  go to state 9
    varDecl      go to state 10


state 99

   22 localDeclarations: localDeclarations varDeclaration .

    $default  reduce using rule 22 (localDeclarations)


state 100

   21 compoundStatement: '{' localDeclarations statementList . '}'
   24 statementList: statementList . statement

    INCREMENT_T  shift, and go to state 20
    DECREMENT_T  shift, and go to state 21
    WHILE_T      shift, and go to state 101
    FOR_T        shift, and go to state 102
    IF_T         shift, and go to state 103
    RETURN_T     shift, and go to state 104
    READ_T       shift, and go to state 105
    PRINT_T      shift, and go to state 106
    ID_T         shift, and go to state 22
    DO_T         shift, and go to state 107
    INTCONST_T   shift, and go to state 23
    '-'          shift, and go to state 24
    '!'          shift, and go to state 25
    ';'          shift, and go to state 108
    '('          shift, and go to state 26
    '{'          shift, and go to state 87
    '}'          shift, and go to state 109

    compoundStatement    go to state 110
    statement            go to state 111
    expressionStatement  go to state 112
    ifStatement          go to state 113
    whileStatement       go to state 114
    doWhileStatement     go to state 115
    forStatement         go to state 116
    returnStatement      go to state 117
    readStatement        go to state 118
    printStatement       go to state 119
    expression           go to state 120
    var                  go to state 28
    rValue               go to state 29
    call                 go to state 30


state 101

   41 whileStatement: WHILE_T . '(' expression ')' statement

    '('  shift, and go to state 121


state 102

   43 forStatement: FOR_T . '(' forHeaderExpression ';' forHeaderExpression ';' forHeaderExpression ')' statement

    '('  shift, and go to state 122


state 103

   37 ifStatement: IF_T . '(' expression ')' statement
   38            | IF_T . '(' expression ')' statement ELSE_T statement
   39            | IF_T . '(' error ')' statement
   40            | IF_T . '(' error ')' statement ELSE_T statement

    '('  shift, and go to state 123


state 104

   46 returnStatement: RETURN_T . ';'
   47                | RETURN_T . expression ';'

    INCREMENT_T  shift, and go to state 20
    DECREMENT_T  shift, and go to state 21
    ID_T         shift, and go to state 22
    INTCONST_T   shift, and go to state 23
    '-'          shift, and go to state 24
    '!'          shift, and go to state 25
    ';'          shift, and go to state 124
    '('          shift, and go to state 26

    expression  go to state 125
    var         go to state 28
    rValue      go to state 29
    call        go to state 30


state 105

   48 readStatement: READ_T . var ';'

    ID_T  shift, and go to state 40

    var  go to state 126


state 106

   49 printStatement: PRINT_T . expression ';'
   50               | PRINT_T . STRINGCONST_T ';'

    INCREMENT_T    shift, and go to state 20
    DECREMENT_T    shift, and go to state 21
    ID_T           shift, and go to state 22
    STRINGCONST_T  shift, and go to state 127
    INTCONST_T     shift, and go to state 23
    '-'            shift, and go to state 24
    '!'            shift, and go to state 25
    '('            shift, and go to state 26

    expression  go to state 128
    var         go to state 28
    rValue      go to state 29
    call        go to state 30


state 107

   42 doWhileStatement: DO_T . statement WHILE_T '(' expression ')' ';'

    INCREMENT_T  shift, and go to state 20
    DECREMENT_T  shift, and go to state 21
    WHILE_T      shift, and go to state 101
    FOR_T        shift, and go to state 102
    IF_T         shift, and go to state 103
    RETURN_T     shift, and go to state 104
    READ_T       shift, and go to state 105
    PRINT_T      shift, and go to state 106
    ID_T         shift, and go to state 22
    DO_T         shift, and go to state 107
    INTCONST_T   shift, and go to state 23
    '-'          shift, and go to state 24
    '!'          shift, and go to state 25
    ';'          shift, and go to state 108
    '('          shift, and go to state 26
    '{'          shift, and go to state 87

    compoundStatement    go to state 110
    statement            go to state 129
    expressionStatement  go to state 112
    ifStatement          go to state 113
    whileStatement       go to state 114
    doWhileStatement     go to state 115
    forStatement         go to state 116
    returnStatement      go to state 117
    readStatement        go to state 118
    printStatement       go to state 119
    expression           go to state 120
    var                  go to state 28
    rValue               go to state 29
    call                 go to state 30


state 108

   36 expressionStatement: ';' .

    $default  reduce using rule 36 (expressionStatement)


state 109

   21 compoundStatement: '{' localDeclarations statementList '}' .

    $default  reduce using rule 21 (compoundStatement)


state 110

   27 statement: compoundStatement .

    $default  reduce using rule 27 (statement)


state 111

   24 statementList: statementList statement .

    $default  reduce using rule 24 (statementList)


state 112

   26 statement: expressionStatement .

    $default  reduce using rule 26 (statement)


state 113

   28 statement: ifStatement .

    $default  reduce using rule 28 (statement)


state 114

   29 statement: whileStatement .

    $default  reduce using rule 29 (statement)


state 115

   30 statement: doWhileStatement .

    $default  reduce using rule 30 (statement)


state 116

   31 statement: forStatement .

    $default  reduce using rule 31 (statement)


state 117

   32 statement: returnStatement .

    $default  reduce using rule 32 (statement)


state 118

   33 statement: readStatement .

    $default  reduce using rule 33 (statement)


state 119

   34 statement: printStatement .

    $default  reduce using rule 34 (statement)


state 120

   35 expressionStatement: expression . ';'
   56 rValue: expression . '+' expression
   57       | expression . '-' expression
   58       | expression . '*' expression
   59       | expression . '/' expression
   60       | expression . '%' expression
   61       | expression . '<' expression
   62       | expression . LESS_EQUAL_T expression
   63       | expression . '>' expression
   64       | expression . GREATER_EQUAL_T expression
   65       | expression . ISEQUAL_T expression
   66       | expression . NOTEQUAL_T expression
   67       | expression . AND_T expression
   68       | expression . OR_T expression

    ISEQUAL_T        shift, and go to state 48
    NOTEQUAL_T       shift, and go to state 49
    LESS_EQUAL_T     shift, and go to state 50
    GREATER_EQUAL_T  shift, and go to state 51
    AND_T            shift, and go to state 52
    OR_T             shift, and go to state 53
    '<'              shift, and go to state 54
    '>'              shift, and go to state 55
    '+'              shift, and go to state 56
    '-'              shift, and go to state 57
    '*'              shift, and go to state 58
    '/'              shift, and go to state 59
    '%'              shift, and go to state 60
    ';'              shift, and go to state 130


state 121

   41 whileStatement: WHILE_T '(' . expression ')' statement

    INCREMENT_T  shift, and go to state 20
    DECREMENT_T  shift, and go to state 21
    ID_T         shift, and go to state 22
    INTCONST_T   shift, and go to state 23
    '-'          shift, and go to state 24
    '!'          shift, and go to state 25
    '('          shift, and go to state 26

    expression  go to state 131
    var         go to state 28
    rValue      go to state 29
    call        go to state 30


state 122

   43 forStatement: FOR_T '(' . forHeaderExpression ';' forHeaderExpression ';' forHeaderExpression ')' statement

    INCREMENT_T  shift, and go to state 20
    DECREMENT_T  shift, and go to state 21
    ID_T         shift, and go to state 22
    INTCONST_T   shift, and go to state 23
    '-'          shift, and go to state 24
    '!'          shift, and go to state 25
    '('          shift, and go to state 26

    $default  reduce using rule 45 (forHeaderExpression)

    forHeaderExpression  go to state 132
    expression           go to state 133
    var                  go to state 28
    rValue               go to state 29
    call                 go to state 30


state 123

   37 ifStatement: IF_T '(' . expression ')' statement
   38            | IF_T '(' . expression ')' statement ELSE_T statement
   39            | IF_T '(' . error ')' statement
   40            | IF_T '(' . error ')' statement ELSE_T statement

    error        shift, and go to state 134
    INCREMENT_T  shift, and go to state 20
    DECREMENT_T  shift, and go to state 21
    ID_T         shift, and go to state 22
    INTCONST_T   shift, and go to state 23
    '-'          shift, and go to state 24
    '!'          shift, and go to state 25
    '('          shift, and go to state 26

    expression  go to state 135
    var         go to state 28
    rValue      go to state 29
    call        go to state 30


state 124

   46 returnStatement: RETURN_T ';' .

    $default  reduce using rule 46 (returnStatement)


state 125

   47 returnStatement: RETURN_T expression . ';'
   56 rValue: expression . '+' expression
   57       | expression . '-' expression
   58       | expression . '*' expression
   59       | expression . '/' expression
   60       | expression . '%' expression
   61       | expression . '<' expression
   62       | expression . LESS_EQUAL_T expression
   63       | expression . '>' expression
   64       | expression . GREATER_EQUAL_T expression
   65       | expression . ISEQUAL_T expression
   66       | expression . NOTEQUAL_T expression
   67       | expression . AND_T expression
   68       | expression . OR_T expression

    ISEQUAL_T        shift, and go to state 48
    NOTEQUAL_T       shift, and go to state 49
    LESS_EQUAL_T     shift, and go to state 50
    GREATER_EQUAL_T  shift, and go to state 51
    AND_T            shift, and go to state 52
    OR_T             shift, and go to state 53
    '<'              shift, and go to state 54
    '>'              shift, and go to state 55
    '+'              shift, and go to state 56
    '-'              shift, and go to state 57
    '*'              shift, and go to state 58
    '/'              shift, and go to state 59
    '%'              shift, and go to state 60
    ';'              shift, and go to state 136


state 126

   48 readStatement: READ_T var . ';'

    ';'  shift, and go to state 137


state 127

   50 printStatement: PRINT_T STRINGCONST_T . ';'

    ';'  shift, and go to state 138


state 128

   49 printStatement: PRINT_T expression . ';'
   56 rValue: expression . '+' expression
   57       | expression . '-' expression
   58       | expression . '*' expression
   59       | expression . '/' expression
   60       | expression . '%' expression
   61       | expression . '<' expression
   62       | expression . LESS_EQUAL_T expression
   63       | expression . '>' expression
   64       | expression . GREATER_EQUAL_T expression
   65       | expression . ISEQUAL_T expression
   66       | expression . NOTEQUAL_T expression
   67       | expression . AND_T expression
   68       | expression . OR_T expression

    ISEQUAL_T        shift, and go to state 48
    NOTEQUAL_T       shift, and go to state 49
    LESS_EQUAL_T     shift, and go to state 50
    GREATER_EQUAL_T  shift, and go to state 51
    AND_T            shift, and go to state 52
    OR_T             shift, and go to state 53
    '<'              shift, and go to state 54
    '>'              shift, and go to state 55
    '+'              shift, and go to state 56
    '-'              shift, and go to state 57
    '*'              shift, and go to state 58
    '/'              shift, and go to state 59
    '%'              shift, and go to state 60
    ';'              shift, and go to state 139


state 129

   42 doWhileStatement: DO_T statement . WHILE_T '(' expression ')' ';'

    WHILE_T  shift, and go to state 140


state 130

   35 expressionStatement: expression ';' .

    $default  reduce using rule 35 (expressionStatement)


state 131

   41 whileStatement: WHILE_T '(' expression . ')' statement
   56 rValue: expression . '+' expression
   57       | expression . '-' expression
   58       | expression . '*' expression
   59       | expression . '/' expression
   60       | expression . '%' expression
   61       | expression . '<' expression
   62       | expression . LESS_EQUAL_T expression
   63       | expression . '>' expression
   64       | expression . GREATER_EQUAL_T expression
   65       | expression . ISEQUAL_T expression
   66       | expression . NOTEQUAL_T expression
   67       | expression . AND_T expression
   68       | expression . OR_T expression

    ISEQUAL_T        shift, and go to state 48
    NOTEQUAL_T       shift, and go to state 49
    LESS_EQUAL_T     shift, and go to state 50
    GREATER_EQUAL_T  shift, and go to state 51
    AND_T            shift, and go to state 52
    OR_T             shift, and go to state 53
    '<'              shift, and go to state 54
    '>'              shift, and go to state 55
    '+'              shift, and go to state 56
    '-'              shift, and go to state 57
    '*'              shift, and go to state 58
    '/'              shift, and go to state 59
    '%'              shift, and go to state 60
    ')'              shift, and go to state 141


state 132

   43 forStatement: FOR_T '(' forHeaderExpression . ';' forHeaderExpression ';' forHeaderExpression ')' statement

    ';'  shift, and go to state 142


state 133

   44 forHeaderExpression: expression .
   56 rValue: expression . '+' expression
   57       | expression . '-' expression
   58       | expression . '*' expression
   59       | expression . '/' expression
   60       | expression . '%' expression
   61       | expression . '<' expression
   62       | expression . LESS_EQUAL_T expression
   63       | expression . '>' expression
   64       | expression . GREATER_EQUAL_T expression
   65       | expression . ISEQUAL_T expression
   66       | expression . NOTEQUAL_T expression
   67       | expression . AND_T expression
   68       | expression . OR_T expression

    ISEQUAL_T        shift, and go to state 48
    NOTEQUAL_T       shift, and go to state 49
    LESS_EQUAL_T     shift, and go to state 50
    GREATER_EQUAL_T  shift, and go to state 51
    AND_T            shift, and go to state 52
    OR_T             shift, and go to state 53
    '<'              shift, and go to state 54
    '>'              shift, and go to state 55
    '+'              shift, and go to state 56
    '-'              shift, and go to state 57
    '*'              shift, and go to state 58
    '/'              shift, and go to state 59
    '%'              shift, and go to state 60

    $default  reduce using rule 44 (forHeaderExpression)


state 134

   39 ifStatement: IF_T '(' error . ')' statement
   40            | IF_T '(' error . ')' statement ELSE_T statement

    ')'  shift, and go to state 143


state 135

   37 ifStatement: IF_T '(' expression . ')' statement
   38            | IF_T '(' expression . ')' statement ELSE_T statement
   56 rValue: expression . '+' expression
   57       | expression . '-' expression
   58       | expression . '*' expression
   59       | expression . '/' expression
   60       | expression . '%' expression
   61       | expression . '<' expression
   62       | expression . LESS_EQUAL_T expression
   63       | expression . '>' expression
   64       | expression . GREATER_EQUAL_T expression
   65       | expression . ISEQUAL_T expression
   66       | expression . NOTEQUAL_T expression
   67       | expression . AND_T expression
   68       | expression . OR_T expression

    ISEQUAL_T        shift, and go to state 48
    NOTEQUAL_T       shift, and go to state 49
    LESS_EQUAL_T     shift, and go to state 50
    GREATER_EQUAL_T  shift, and go to state 51
    AND_T            shift, and go to state 52
    OR_T             shift, and go to state 53
    '<'              shift, and go to state 54
    '>'              shift, and go to state 55
    '+'              shift, and go to state 56
    '-'              shift, and go to state 57
    '*'              shift, and go to state 58
    '/'              shift, and go to state 59
    '%'              shift, and go to state 60
    ')'              shift, and go to state 144


state 136

   47 returnStatement: RETURN_T expression ';' .

    $default  reduce using rule 47 (returnStatement)


state 137

   48 readStatement: READ_T var ';' .

    $default  reduce using rule 48 (readStatement)


state 138

   50 printStatement: PRINT_T STRINGCONST_T ';' .

    $default  reduce using rule 50 (printStatement)


state 139

   49 printStatement: PRINT_T expression ';' .

    $default  reduce using rule 49 (printStatement)


state 140

   42 doWhileStatement: DO_T statement WHILE_T . '(' expression ')' ';'

    '('  shift, and go to state 145


state 141

   41 whileStatement: WHILE_T '(' expression ')' . statement

    INCREMENT_T  shift, and go to state 20
    DECREMENT_T  shift, and go to state 21
    WHILE_T      shift, and go to state 101
    FOR_T        shift, and go to state 102
    IF_T         shift, and go to state 103
    RETURN_T     shift, and go to state 104
    READ_T       shift, and go to state 105
    PRINT_T      shift, and go to state 106
    ID_T         shift, and go to state 22
    DO_T         shift, and go to state 107
    INTCONST_T   shift, and go to state 23
    '-'          shift, and go to state 24
    '!'          shift, and go to state 25
    ';'          shift, and go to state 108
    '('          shift, and go to state 26
    '{'          shift, and go to state 87

    compoundStatement    go to state 110
    statement            go to state 146
    expressionStatement  go to state 112
    ifStatement          go to state 113
    whileStatement       go to state 114
    doWhileStatement     go to state 115
    forStatement         go to state 116
    returnStatement      go to state 117
    readStatement        go to state 118
    printStatement       go to state 119
    expression           go to state 120
    var                  go to state 28
    rValue               go to state 29
    call                 go to state 30


state 142

   43 forStatement: FOR_T '(' forHeaderExpression ';' . forHeaderExpression ';' forHeaderExpression ')' statement

    INCREMENT_T  shift, and go to state 20
    DECREMENT_T  shift, and go to state 21
    ID_T         shift, and go to state 22
    INTCONST_T   shift, and go to state 23
    '-'          shift, and go to state 24
    '!'          shift, and go to state 25
    '('          shift, and go to state 26

    $default  reduce using rule 45 (forHeaderExpression)

    forHeaderExpression  go to state 147
    expression           go to state 133
    var                  go to state 28
    rValue               go to state 29
    call                 go to state 30


state 143

   39 ifStatement: IF_T '(' error ')' . statement
   40            | IF_T '(' error ')' . statement ELSE_T statement

    INCREMENT_T  shift, and go to state 20
    DECREMENT_T  shift, and go to state 21
    WHILE_T      shift, and go to state 101
    FOR_T        shift, and go to state 102
    IF_T         shift, and go to state 103
    RETURN_T     shift, and go to state 104
    READ_T       shift, and go to state 105
    PRINT_T      shift, and go to state 106
    ID_T         shift, and go to state 22
    DO_T         shift, and go to state 107
    INTCONST_T   shift, and go to state 23
    '-'          shift, and go to state 24
    '!'          shift, and go to state 25
    ';'          shift, and go to state 108
    '('          shift, and go to state 26
    '{'          shift, and go to state 87

    compoundStatement    go to state 110
    statement            go to state 148
    expressionStatement  go to state 112
    ifStatement          go to state 113
    whileStatement       go to state 114
    doWhileStatement     go to state 115
    forStatement         go to state 116
    returnStatement      go to state 117
    readStatement        go to state 118
    printStatement       go to state 119
    expression           go to state 120
    var                  go to state 28
    rValue               go to state 29
    call                 go to state 30


state 144

   37 ifStatement: IF_T '(' expression ')' . statement
   38            | IF_T '(' expression ')' . statement ELSE_T statement

    INCREMENT_T  shift, and go to state 20
    DECREMENT_T  shift, and go to state 21
    WHILE_T      shift, and go to state 101
    FOR_T        shift, and go to state 102
    IF_T         shift, and go to state 103
    RETURN_T     shift, and go to state 104
    READ_T       shift, and go to state 105
    PRINT_T      shift, and go to state 106
    ID_T         shift, and go to state 22
    DO_T         shift, and go to state 107
    INTCONST_T   shift, and go to state 23
    '-'          shift, and go to state 24
    '!'          shift, and go to state 25
    ';'          shift, and go to state 108
    '('          shift, and go to state 26
    '{'          shift, and go to state 87

    compoundStatement    go to state 110
    statement            go to state 149
    expressionStatement  go to state 112
    ifStatement          go to state 113
    whileStatement       go to state 114
    doWhileStatement     go to state 115
    forStatement         go to state 116
    returnStatement      go to state 117
    readStatement        go to state 118
    printStatement       go to state 119
    expression           go to state 120
    var                  go to state 28
    rValue               go to state 29
    call                 go to state 30


state 145

   42 doWhileStatement: DO_T statement WHILE_T '(' . expression ')' ';'

    INCREMENT_T  shift, and go to state 20
    DECREMENT_T  shift, and go to state 21
    ID_T         shift, and go to state 22
    INTCONST_T   shift, and go to state 23
    '-'          shift, and go to state 24
    '!'          shift, and go to state 25
    '('          shift, and go to state 26

    expression  go to state 150
    var         go to state 28
    rValue      go to state 29
    call        go to state 30


state 146

   41 whileStatement: WHILE_T '(' expression ')' statement .

    $default  reduce using rule 41 (whileStatement)


state 147

   43 forStatement: FOR_T '(' forHeaderExpression ';' forHeaderExpression . ';' forHeaderExpression ')' statement

    ';'  shift, and go to state 151


state 148

   39 ifStatement: IF_T '(' error ')' statement .
   40            | IF_T '(' error ')' statement . ELSE_T statement

    ELSE_T  shift, and go to state 152

    $default  reduce using rule 39 (ifStatement)


state 149

   37 ifStatement: IF_T '(' expression ')' statement .
   38            | IF_T '(' expression ')' statement . ELSE_T statement

    ELSE_T  shift, and go to state 153

    $default  reduce using rule 37 (ifStatement)


state 150

   42 doWhileStatement: DO_T statement WHILE_T '(' expression . ')' ';'
   56 rValue: expression . '+' expression
   57       | expression . '-' expression
   58       | expression . '*' expression
   59       | expression . '/' expression
   60       | expression . '%' expression
   61       | expression . '<' expression
   62       | expression . LESS_EQUAL_T expression
   63       | expression . '>' expression
   64       | expression . GREATER_EQUAL_T expression
   65       | expression . ISEQUAL_T expression
   66       | expression . NOTEQUAL_T expression
   67       | expression . AND_T expression
   68       | expression . OR_T expression

    ISEQUAL_T        shift, and go to state 48
    NOTEQUAL_T       shift, and go to state 49
    LESS_EQUAL_T     shift, and go to state 50
    GREATER_EQUAL_T  shift, and go to state 51
    AND_T            shift, and go to state 52
    OR_T             shift, and go to state 53
    '<'              shift, and go to state 54
    '>'              shift, and go to state 55
    '+'              shift, and go to state 56
    '-'              shift, and go to state 57
    '*'              shift, and go to state 58
    '/'              shift, and go to state 59
    '%'              shift, and go to state 60
    ')'              shift, and go to state 154


state 151

   43 forStatement: FOR_T '(' forHeaderExpression ';' forHeaderExpression ';' . forHeaderExpression ')' statement

    INCREMENT_T  shift, and go to state 20
    DECREMENT_T  shift, and go to state 21
    ID_T         shift, and go to state 22
    INTCONST_T   shift, and go to state 23
    '-'          shift, and go to state 24
    '!'          shift, and go to state 25
    '('          shift, and go to state 26

    $default  reduce using rule 45 (forHeaderExpression)

    forHeaderExpression  go to state 155
    expression           go to state 133
    var                  go to state 28
    rValue               go to state 29
    call                 go to state 30


state 152

   40 ifStatement: IF_T '(' error ')' statement ELSE_T . statement

    INCREMENT_T  shift, and go to state 20
    DECREMENT_T  shift, and go to state 21
    WHILE_T      shift, and go to state 101
    FOR_T        shift, and go to state 102
    IF_T         shift, and go to state 103
    RETURN_T     shift, and go to state 104
    READ_T       shift, and go to state 105
    PRINT_T      shift, and go to state 106
    ID_T         shift, and go to state 22
    DO_T         shift, and go to state 107
    INTCONST_T   shift, and go to state 23
    '-'          shift, and go to state 24
    '!'          shift, and go to state 25
    ';'          shift, and go to state 108
    '('          shift, and go to state 26
    '{'          shift, and go to state 87

    compoundStatement    go to state 110
    statement            go to state 156
    expressionStatement  go to state 112
    ifStatement          go to state 113
    whileStatement       go to state 114
    doWhileStatement     go to state 115
    forStatement         go to state 116
    returnStatement      go to state 117
    readStatement        go to state 118
    printStatement       go to state 119
    expression           go to state 120
    var                  go to state 28
    rValue               go to state 29
    call                 go to state 30


state 153

   38 ifStatement: IF_T '(' expression ')' statement ELSE_T . statement

    INCREMENT_T  shift, and go to state 20
    DECREMENT_T  shift, and go to state 21
    WHILE_T      shift, and go to state 101
    FOR_T        shift, and go to state 102
    IF_T         shift, and go to state 103
    RETURN_T     shift, and go to state 104
    READ_T       shift, and go to state 105
    PRINT_T      shift, and go to state 106
    ID_T         shift, and go to state 22
    DO_T         shift, and go to state 107
    INTCONST_T   shift, and go to state 23
    '-'          shift, and go to state 24
    '!'          shift, and go to state 25
    ';'          shift, and go to state 108
    '('          shift, and go to state 26
    '{'          shift, and go to state 87

    compoundStatement    go to state 110
    statement            go to state 157
    expressionStatement  go to state 112
    ifStatement          go to state 113
    whileStatement       go to state 114
    doWhileStatement     go to state 115
    forStatement         go to state 116
    returnStatement      go to state 117
    readStatement        go to state 118
    printStatement       go to state 119
    expression           go to state 120
    var                  go to state 28
    rValue               go to state 29
    call                 go to state 30


state 154

   42 doWhileStatement: DO_T statement WHILE_T '(' expression ')' . ';'

    ';'  shift, and go to state 158


state 155

   43 forStatement: FOR_T '(' forHeaderExpression ';' forHeaderExpression ';' forHeaderExpression . ')' statement

    ')'  shift, and go to state 159


state 156

   40 ifStatement: IF_T '(' error ')' statement ELSE_T statement .

    $default  reduce using rule 40 (ifStatement)


state 157

   38 ifStatement: IF_T '(' expression ')' statement ELSE_T statement .

    $default  reduce using rule 38 (ifStatement)


state 158

   42 doWhileStatement: DO_T statement WHILE_T '(' expression ')' ';' .

    $default  reduce using rule 42 (doWhileStatement)


state 159

   43 forStatement: FOR_T '(' forHeaderExpression ';' forHeaderExpression ';' forHeaderExpression ')' . statement

    INCREMENT_T  shift, and go to state 20
    DECREMENT_T  shift, and go to state 21
    WHILE_T      shift, and go to state 101
    FOR_T        shift, and go to state 102
    IF_T         shift, and go to state 103
    RETURN_T     shift, and go to state 104
    READ_T       shift, and go to state 105
    PRINT_T      shift, and go to state 106
    ID_T         shift, and go to state 22
    DO_T         shift, and go to state 107
    INTCONST_T   shift, and go to state 23
    '-'          shift, and go to state 24
    '!'          shift, and go to state 25
    ';'          shift, and go to state 108
    '('          shift, and go to state 26
    '{'          shift, and go to state 87

    compoundStatement    go to state 110
    statement            go to state 160
    expressionStatement  go to state 112
    ifStatement          go to state 113
    whileStatement       go to state 114
    doWhileStatement     go to state 115
    forStatement         go to state 116
    returnStatement      go to state 117
    readStatement        go to state 118
    printStatement       go to state 119
    expression           go to state 120
    var                  go to state 28
    rValue               go to state 29
    call                 go to state 30


state 160

   43 forStatement: FOR_T '(' forHeaderExpression ';' forHeaderExpression ';' forHeaderExpression ')' statement .

    $default  reduce using rule 43 (forStatement)
